27-Sep-2015 23:52:45.565 INFO [main] org.apache.catalina.startup.VersionLoggerListener.log Server version:        Apache Tomcat/8.0.26
27-Sep-2015 23:52:45.568 INFO [main] org.apache.catalina.startup.VersionLoggerListener.log Server built:          Aug 18 2015 11:38:37 UTC
27-Sep-2015 23:52:45.568 INFO [main] org.apache.catalina.startup.VersionLoggerListener.log Server number:         8.0.26.0
27-Sep-2015 23:52:45.569 INFO [main] org.apache.catalina.startup.VersionLoggerListener.log OS Name:               Windows 10
27-Sep-2015 23:52:45.569 INFO [main] org.apache.catalina.startup.VersionLoggerListener.log OS Version:            10.0
27-Sep-2015 23:52:45.569 INFO [main] org.apache.catalina.startup.VersionLoggerListener.log Architecture:          amd64
27-Sep-2015 23:52:45.569 INFO [main] org.apache.catalina.startup.VersionLoggerListener.log Java Home:             C:\Program Files\Java\jre1.8.0_60
27-Sep-2015 23:52:45.570 INFO [main] org.apache.catalina.startup.VersionLoggerListener.log JVM Version:           1.8.0_60-b27
27-Sep-2015 23:52:45.570 INFO [main] org.apache.catalina.startup.VersionLoggerListener.log JVM Vendor:            Oracle Corporation
27-Sep-2015 23:52:45.571 INFO [main] org.apache.catalina.startup.VersionLoggerListener.log CATALINA_BASE:         C:\Users\Christian\Documents\GitHub\SecureSoftwareFuzzer\apache-tomcat-8.0.26
27-Sep-2015 23:52:45.571 INFO [main] org.apache.catalina.startup.VersionLoggerListener.log CATALINA_HOME:         C:\Users\Christian\Documents\GitHub\SecureSoftwareFuzzer\apache-tomcat-8.0.26
27-Sep-2015 23:52:45.572 INFO [main] org.apache.catalina.startup.VersionLoggerListener.log Command line argument: -Djava.util.logging.config.file=C:\Users\Christian\Documents\GitHub\SecureSoftwareFuzzer\apache-tomcat-8.0.26\conf\logging.properties
27-Sep-2015 23:52:45.572 INFO [main] org.apache.catalina.startup.VersionLoggerListener.log Command line argument: -Djava.util.logging.manager=org.apache.juli.ClassLoaderLogManager
27-Sep-2015 23:52:45.573 INFO [main] org.apache.catalina.startup.VersionLoggerListener.log Command line argument: -Djava.endorsed.dirs=C:\Users\Christian\Documents\GitHub\SecureSoftwareFuzzer\apache-tomcat-8.0.26\endorsed
27-Sep-2015 23:52:45.573 INFO [main] org.apache.catalina.startup.VersionLoggerListener.log Command line argument: -Dcatalina.base=C:\Users\Christian\Documents\GitHub\SecureSoftwareFuzzer\apache-tomcat-8.0.26
27-Sep-2015 23:52:45.574 INFO [main] org.apache.catalina.startup.VersionLoggerListener.log Command line argument: -Dcatalina.home=C:\Users\Christian\Documents\GitHub\SecureSoftwareFuzzer\apache-tomcat-8.0.26
27-Sep-2015 23:52:45.574 INFO [main] org.apache.catalina.startup.VersionLoggerListener.log Command line argument: -Djava.io.tmpdir=C:\Users\Christian\Documents\GitHub\SecureSoftwareFuzzer\apache-tomcat-8.0.26\temp
27-Sep-2015 23:52:45.574 INFO [main] org.apache.catalina.core.AprLifecycleListener.lifecycleEvent Loaded APR based Apache Tomcat Native library 1.1.33 using APR version 1.5.1.
27-Sep-2015 23:52:45.575 INFO [main] org.apache.catalina.core.AprLifecycleListener.lifecycleEvent APR capabilities: IPv6 [true], sendfile [true], accept filters [false], random [true].
27-Sep-2015 23:52:46.379 INFO [main] org.apache.catalina.core.AprLifecycleListener.initializeSSL OpenSSL successfully initialized (OpenSSL 1.0.1m 19 Mar 2015)
27-Sep-2015 23:52:47.255 INFO [main] org.apache.coyote.AbstractProtocol.init Initializing ProtocolHandler ["http-apr-8080"]
27-Sep-2015 23:52:47.264 INFO [main] org.apache.coyote.AbstractProtocol.init Initializing ProtocolHandler ["ajp-apr-8009"]
27-Sep-2015 23:52:47.267 INFO [main] org.apache.catalina.startup.Catalina.load Initialization processed in 2288 ms
27-Sep-2015 23:52:47.291 INFO [main] org.apache.catalina.core.StandardService.startInternal Starting service Catalina
27-Sep-2015 23:52:47.291 INFO [main] org.apache.catalina.core.StandardEngine.startInternal Starting Servlet Engine: Apache Tomcat/8.0.26
27-Sep-2015 23:52:47.303 INFO [localhost-startStop-1] org.apache.catalina.startup.HostConfig.deployDirectory Deploying web application directory C:\Users\Christian\Documents\GitHub\SecureSoftwareFuzzer\apache-tomcat-8.0.26\webapps\bodgeit
27-Sep-2015 23:52:47.849 INFO [localhost-startStop-1] org.apache.jasper.servlet.TldScanner.scanJars At least one JAR was scanned for TLDs yet contained no TLDs. Enable debug logging for this logger for a complete list of JARs that were scanned but no TLDs were found in them. Skipping unneeded JARs during scanning can improve startup time and JSP compilation time.
27-Sep-2015 23:52:48.032 INFO [localhost-startStop-1] org.apache.catalina.util.SessionIdGeneratorBase.createSecureRandom Creation of SecureRandom instance for session ID generation using [SHA1PRNG] took [126] milliseconds.
27-Sep-2015 23:52:48.380 INFO [localhost-startStop-1] org.apache.catalina.startup.HostConfig.deployDirectory Deployment of web application directory C:\Users\Christian\Documents\GitHub\SecureSoftwareFuzzer\apache-tomcat-8.0.26\webapps\bodgeit has finished in 1,077 ms
27-Sep-2015 23:52:48.381 INFO [localhost-startStop-1] org.apache.catalina.startup.HostConfig.deployDirectory Deploying web application directory C:\Users\Christian\Documents\GitHub\SecureSoftwareFuzzer\apache-tomcat-8.0.26\webapps\docs
27-Sep-2015 23:52:48.413 INFO [localhost-startStop-1] org.apache.catalina.startup.HostConfig.deployDirectory Deployment of web application directory C:\Users\Christian\Documents\GitHub\SecureSoftwareFuzzer\apache-tomcat-8.0.26\webapps\docs has finished in 32 ms
27-Sep-2015 23:52:48.416 INFO [localhost-startStop-1] org.apache.catalina.startup.HostConfig.deployDirectory Deploying web application directory C:\Users\Christian\Documents\GitHub\SecureSoftwareFuzzer\apache-tomcat-8.0.26\webapps\examples
27-Sep-2015 23:52:49.339 INFO [localhost-startStop-1] org.apache.catalina.startup.HostConfig.deployDirectory Deployment of web application directory C:\Users\Christian\Documents\GitHub\SecureSoftwareFuzzer\apache-tomcat-8.0.26\webapps\examples has finished in 925 ms
27-Sep-2015 23:52:49.340 INFO [localhost-startStop-1] org.apache.catalina.startup.HostConfig.deployDirectory Deploying web application directory C:\Users\Christian\Documents\GitHub\SecureSoftwareFuzzer\apache-tomcat-8.0.26\webapps\host-manager
27-Sep-2015 23:52:49.365 INFO [localhost-startStop-1] org.apache.catalina.startup.HostConfig.deployDirectory Deployment of web application directory C:\Users\Christian\Documents\GitHub\SecureSoftwareFuzzer\apache-tomcat-8.0.26\webapps\host-manager has finished in 25 ms
27-Sep-2015 23:52:49.366 INFO [localhost-startStop-1] org.apache.catalina.startup.HostConfig.deployDirectory Deploying web application directory C:\Users\Christian\Documents\GitHub\SecureSoftwareFuzzer\apache-tomcat-8.0.26\webapps\manager
27-Sep-2015 23:52:49.401 INFO [localhost-startStop-1] org.apache.catalina.startup.HostConfig.deployDirectory Deployment of web application directory C:\Users\Christian\Documents\GitHub\SecureSoftwareFuzzer\apache-tomcat-8.0.26\webapps\manager has finished in 35 ms
27-Sep-2015 23:52:49.401 INFO [localhost-startStop-1] org.apache.catalina.startup.HostConfig.deployDirectory Deploying web application directory C:\Users\Christian\Documents\GitHub\SecureSoftwareFuzzer\apache-tomcat-8.0.26\webapps\ROOT
27-Sep-2015 23:52:49.425 INFO [localhost-startStop-1] org.apache.catalina.startup.HostConfig.deployDirectory Deployment of web application directory C:\Users\Christian\Documents\GitHub\SecureSoftwareFuzzer\apache-tomcat-8.0.26\webapps\ROOT has finished in 23 ms
27-Sep-2015 23:52:49.432 INFO [main] org.apache.coyote.AbstractProtocol.start Starting ProtocolHandler ["http-apr-8080"]
27-Sep-2015 23:52:49.451 INFO [main] org.apache.coyote.AbstractProtocol.start Starting ProtocolHandler ["ajp-apr-8009"]
27-Sep-2015 23:52:49.453 INFO [main] org.apache.catalina.startup.Catalina.start Server startup in 2184 ms
