22-Sep-2015 21:30:04.608 INFO [main] org.apache.catalina.startup.VersionLoggerListener.log Server version:        Apache Tomcat/8.0.26
22-Sep-2015 21:30:04.626 INFO [main] org.apache.catalina.startup.VersionLoggerListener.log Server built:          Aug 18 2015 11:38:37 UTC
22-Sep-2015 21:30:04.626 INFO [main] org.apache.catalina.startup.VersionLoggerListener.log Server number:         8.0.26.0
22-Sep-2015 21:30:04.626 INFO [main] org.apache.catalina.startup.VersionLoggerListener.log OS Name:               Windows 10
22-Sep-2015 21:30:04.627 INFO [main] org.apache.catalina.startup.VersionLoggerListener.log OS Version:            10.0
22-Sep-2015 21:30:04.627 INFO [main] org.apache.catalina.startup.VersionLoggerListener.log Architecture:          amd64
22-Sep-2015 21:30:04.627 INFO [main] org.apache.catalina.startup.VersionLoggerListener.log Java Home:             C:\Program Files\Java\jre1.8.0_60
22-Sep-2015 21:30:04.628 INFO [main] org.apache.catalina.startup.VersionLoggerListener.log JVM Version:           1.8.0_60-b27
22-Sep-2015 21:30:04.628 INFO [main] org.apache.catalina.startup.VersionLoggerListener.log JVM Vendor:            Oracle Corporation
22-Sep-2015 21:30:04.628 INFO [main] org.apache.catalina.startup.VersionLoggerListener.log CATALINA_BASE:         C:\Users\Christian\Documents\GitHub\SecureSoftwareFuzzer\apache-tomcat-8.0.26
22-Sep-2015 21:30:04.629 INFO [main] org.apache.catalina.startup.VersionLoggerListener.log CATALINA_HOME:         C:\Users\Christian\Documents\GitHub\SecureSoftwareFuzzer\apache-tomcat-8.0.26
22-Sep-2015 21:30:04.629 INFO [main] org.apache.catalina.startup.VersionLoggerListener.log Command line argument: -Djava.util.logging.config.file=C:\Users\Christian\Documents\GitHub\SecureSoftwareFuzzer\apache-tomcat-8.0.26\conf\logging.properties
22-Sep-2015 21:30:04.630 INFO [main] org.apache.catalina.startup.VersionLoggerListener.log Command line argument: -Djava.util.logging.manager=org.apache.juli.ClassLoaderLogManager
22-Sep-2015 21:30:04.631 INFO [main] org.apache.catalina.startup.VersionLoggerListener.log Command line argument: -Djava.endorsed.dirs=C:\Users\Christian\Documents\GitHub\SecureSoftwareFuzzer\apache-tomcat-8.0.26\endorsed
22-Sep-2015 21:30:04.631 INFO [main] org.apache.catalina.startup.VersionLoggerListener.log Command line argument: -Dcatalina.base=C:\Users\Christian\Documents\GitHub\SecureSoftwareFuzzer\apache-tomcat-8.0.26
22-Sep-2015 21:30:04.632 INFO [main] org.apache.catalina.startup.VersionLoggerListener.log Command line argument: -Dcatalina.home=C:\Users\Christian\Documents\GitHub\SecureSoftwareFuzzer\apache-tomcat-8.0.26
22-Sep-2015 21:30:04.633 INFO [main] org.apache.catalina.startup.VersionLoggerListener.log Command line argument: -Djava.io.tmpdir=C:\Users\Christian\Documents\GitHub\SecureSoftwareFuzzer\apache-tomcat-8.0.26\temp
22-Sep-2015 21:30:04.634 INFO [main] org.apache.catalina.core.AprLifecycleListener.lifecycleEvent Loaded APR based Apache Tomcat Native library 1.1.33 using APR version 1.5.1.
22-Sep-2015 21:30:04.635 INFO [main] org.apache.catalina.core.AprLifecycleListener.lifecycleEvent APR capabilities: IPv6 [true], sendfile [true], accept filters [false], random [true].
22-Sep-2015 21:30:05.507 INFO [main] org.apache.catalina.core.AprLifecycleListener.initializeSSL OpenSSL successfully initialized (OpenSSL 1.0.1m 19 Mar 2015)
22-Sep-2015 21:30:07.007 INFO [main] org.apache.coyote.AbstractProtocol.init Initializing ProtocolHandler ["http-apr-8080"]
22-Sep-2015 21:30:07.017 INFO [main] org.apache.coyote.AbstractProtocol.init Initializing ProtocolHandler ["ajp-apr-8009"]
22-Sep-2015 21:30:07.020 INFO [main] org.apache.catalina.startup.Catalina.load Initialization processed in 4164 ms
22-Sep-2015 21:30:07.483 INFO [main] org.apache.catalina.core.StandardService.startInternal Starting service Catalina
22-Sep-2015 21:30:07.483 INFO [main] org.apache.catalina.core.StandardEngine.startInternal Starting Servlet Engine: Apache Tomcat/8.0.26
22-Sep-2015 21:30:07.525 INFO [localhost-startStop-1] org.apache.catalina.startup.HostConfig.deployDirectory Deploying web application directory C:\Users\Christian\Documents\GitHub\SecureSoftwareFuzzer\apache-tomcat-8.0.26\webapps\bodgeit
22-Sep-2015 21:30:08.462 INFO [localhost-startStop-1] org.apache.jasper.servlet.TldScanner.scanJars At least one JAR was scanned for TLDs yet contained no TLDs. Enable debug logging for this logger for a complete list of JARs that were scanned but no TLDs were found in them. Skipping unneeded JARs during scanning can improve startup time and JSP compilation time.
22-Sep-2015 21:30:08.652 INFO [localhost-startStop-1] org.apache.catalina.util.SessionIdGeneratorBase.createSecureRandom Creation of SecureRandom instance for session ID generation using [SHA1PRNG] took [110] milliseconds.
22-Sep-2015 21:30:10.125 INFO [localhost-startStop-1] org.apache.catalina.startup.HostConfig.deployDirectory Deployment of web application directory C:\Users\Christian\Documents\GitHub\SecureSoftwareFuzzer\apache-tomcat-8.0.26\webapps\bodgeit has finished in 2,600 ms
22-Sep-2015 21:30:10.126 INFO [localhost-startStop-1] org.apache.catalina.startup.HostConfig.deployDirectory Deploying web application directory C:\Users\Christian\Documents\GitHub\SecureSoftwareFuzzer\apache-tomcat-8.0.26\webapps\docs
22-Sep-2015 21:30:10.191 INFO [localhost-startStop-1] org.apache.catalina.startup.HostConfig.deployDirectory Deployment of web application directory C:\Users\Christian\Documents\GitHub\SecureSoftwareFuzzer\apache-tomcat-8.0.26\webapps\docs has finished in 66 ms
22-Sep-2015 21:30:10.191 INFO [localhost-startStop-1] org.apache.catalina.startup.HostConfig.deployDirectory Deploying web application directory C:\Users\Christian\Documents\GitHub\SecureSoftwareFuzzer\apache-tomcat-8.0.26\webapps\examples
22-Sep-2015 21:30:11.317 INFO [localhost-startStop-1] org.apache.catalina.startup.HostConfig.deployDirectory Deployment of web application directory C:\Users\Christian\Documents\GitHub\SecureSoftwareFuzzer\apache-tomcat-8.0.26\webapps\examples has finished in 1,126 ms
22-Sep-2015 21:30:11.318 INFO [localhost-startStop-1] org.apache.catalina.startup.HostConfig.deployDirectory Deploying web application directory C:\Users\Christian\Documents\GitHub\SecureSoftwareFuzzer\apache-tomcat-8.0.26\webapps\host-manager
22-Sep-2015 21:30:11.373 INFO [localhost-startStop-1] org.apache.catalina.startup.HostConfig.deployDirectory Deployment of web application directory C:\Users\Christian\Documents\GitHub\SecureSoftwareFuzzer\apache-tomcat-8.0.26\webapps\host-manager has finished in 55 ms
22-Sep-2015 21:30:11.374 INFO [localhost-startStop-1] org.apache.catalina.startup.HostConfig.deployDirectory Deploying web application directory C:\Users\Christian\Documents\GitHub\SecureSoftwareFuzzer\apache-tomcat-8.0.26\webapps\manager
22-Sep-2015 21:30:11.419 INFO [localhost-startStop-1] org.apache.catalina.startup.HostConfig.deployDirectory Deployment of web application directory C:\Users\Christian\Documents\GitHub\SecureSoftwareFuzzer\apache-tomcat-8.0.26\webapps\manager has finished in 45 ms
22-Sep-2015 21:30:11.420 INFO [localhost-startStop-1] org.apache.catalina.startup.HostConfig.deployDirectory Deploying web application directory C:\Users\Christian\Documents\GitHub\SecureSoftwareFuzzer\apache-tomcat-8.0.26\webapps\ROOT
22-Sep-2015 21:30:11.465 INFO [localhost-startStop-1] org.apache.catalina.startup.HostConfig.deployDirectory Deployment of web application directory C:\Users\Christian\Documents\GitHub\SecureSoftwareFuzzer\apache-tomcat-8.0.26\webapps\ROOT has finished in 46 ms
22-Sep-2015 21:30:11.470 INFO [main] org.apache.coyote.AbstractProtocol.start Starting ProtocolHandler ["http-apr-8080"]
22-Sep-2015 21:30:11.483 INFO [main] org.apache.coyote.AbstractProtocol.start Starting ProtocolHandler ["ajp-apr-8009"]
22-Sep-2015 21:30:11.485 INFO [main] org.apache.catalina.startup.Catalina.start Server startup in 4464 ms
22-Sep-2015 21:41:36.380 INFO [Thread-3] org.apache.coyote.AbstractProtocol.pause Pausing ProtocolHandler ["http-apr-8080"]
22-Sep-2015 21:41:36.437 INFO [Thread-3] org.apache.coyote.AbstractProtocol.pause Pausing ProtocolHandler ["ajp-apr-8009"]
22-Sep-2015 21:41:36.488 INFO [Thread-3] org.apache.catalina.core.StandardService.stopInternal Stopping service Catalina
22-Sep-2015 21:41:36.609 WARNING [localhost-startStop-2] org.apache.catalina.loader.WebappClassLoaderBase.clearReferencesJdbc The web application [bodgeit] registered the JDBC driver [org.hsqldb.jdbcDriver] but failed to unregister it when the web application was stopped. To prevent a memory leak, the JDBC Driver has been forcibly unregistered.
22-Sep-2015 21:41:36.632 INFO [Thread-3] org.apache.coyote.AbstractProtocol.stop Stopping ProtocolHandler ["http-apr-8080"]
22-Sep-2015 21:41:36.686 INFO [Thread-3] org.apache.coyote.AbstractProtocol.stop Stopping ProtocolHandler ["ajp-apr-8009"]
22-Sep-2015 21:41:36.737 INFO [Thread-3] org.apache.coyote.AbstractProtocol.destroy Destroying ProtocolHandler ["http-apr-8080"]
22-Sep-2015 21:41:36.738 INFO [Thread-3] org.apache.coyote.AbstractProtocol.destroy Destroying ProtocolHandler ["ajp-apr-8009"]
22-Sep-2015 21:43:51.528 INFO [main] org.apache.catalina.startup.VersionLoggerListener.log Server version:        Apache Tomcat/8.0.26
22-Sep-2015 21:43:51.530 INFO [main] org.apache.catalina.startup.VersionLoggerListener.log Server built:          Aug 18 2015 11:38:37 UTC
22-Sep-2015 21:43:51.530 INFO [main] org.apache.catalina.startup.VersionLoggerListener.log Server number:         8.0.26.0
22-Sep-2015 21:43:51.531 INFO [main] org.apache.catalina.startup.VersionLoggerListener.log OS Name:               Windows 10
22-Sep-2015 21:43:51.531 INFO [main] org.apache.catalina.startup.VersionLoggerListener.log OS Version:            10.0
22-Sep-2015 21:43:51.531 INFO [main] org.apache.catalina.startup.VersionLoggerListener.log Architecture:          amd64
22-Sep-2015 21:43:51.532 INFO [main] org.apache.catalina.startup.VersionLoggerListener.log Java Home:             C:\Program Files\Java\jre1.8.0_60
22-Sep-2015 21:43:51.532 INFO [main] org.apache.catalina.startup.VersionLoggerListener.log JVM Version:           1.8.0_60-b27
22-Sep-2015 21:43:51.532 INFO [main] org.apache.catalina.startup.VersionLoggerListener.log JVM Vendor:            Oracle Corporation
22-Sep-2015 21:43:51.533 INFO [main] org.apache.catalina.startup.VersionLoggerListener.log CATALINA_BASE:         C:\Users\Christian\Documents\GitHub\SecureSoftwareFuzzer\apache-tomcat-8.0.26
22-Sep-2015 21:43:51.533 INFO [main] org.apache.catalina.startup.VersionLoggerListener.log CATALINA_HOME:         C:\Users\Christian\Documents\GitHub\SecureSoftwareFuzzer\apache-tomcat-8.0.26
22-Sep-2015 21:43:51.534 INFO [main] org.apache.catalina.startup.VersionLoggerListener.log Command line argument: -Djava.util.logging.config.file=C:\Users\Christian\Documents\GitHub\SecureSoftwareFuzzer\apache-tomcat-8.0.26\conf\logging.properties
22-Sep-2015 21:43:51.534 INFO [main] org.apache.catalina.startup.VersionLoggerListener.log Command line argument: -Djava.util.logging.manager=org.apache.juli.ClassLoaderLogManager
22-Sep-2015 21:43:51.534 INFO [main] org.apache.catalina.startup.VersionLoggerListener.log Command line argument: -Djava.endorsed.dirs=C:\Users\Christian\Documents\GitHub\SecureSoftwareFuzzer\apache-tomcat-8.0.26\endorsed
22-Sep-2015 21:43:51.535 INFO [main] org.apache.catalina.startup.VersionLoggerListener.log Command line argument: -Dcatalina.base=C:\Users\Christian\Documents\GitHub\SecureSoftwareFuzzer\apache-tomcat-8.0.26
22-Sep-2015 21:43:51.535 INFO [main] org.apache.catalina.startup.VersionLoggerListener.log Command line argument: -Dcatalina.home=C:\Users\Christian\Documents\GitHub\SecureSoftwareFuzzer\apache-tomcat-8.0.26
22-Sep-2015 21:43:51.536 INFO [main] org.apache.catalina.startup.VersionLoggerListener.log Command line argument: -Djava.io.tmpdir=C:\Users\Christian\Documents\GitHub\SecureSoftwareFuzzer\apache-tomcat-8.0.26\temp
22-Sep-2015 21:43:51.536 INFO [main] org.apache.catalina.core.AprLifecycleListener.lifecycleEvent Loaded APR based Apache Tomcat Native library 1.1.33 using APR version 1.5.1.
22-Sep-2015 21:43:51.537 INFO [main] org.apache.catalina.core.AprLifecycleListener.lifecycleEvent APR capabilities: IPv6 [true], sendfile [true], accept filters [false], random [true].
22-Sep-2015 21:43:52.301 INFO [main] org.apache.catalina.core.AprLifecycleListener.initializeSSL OpenSSL successfully initialized (OpenSSL 1.0.1m 19 Mar 2015)
22-Sep-2015 21:43:52.415 INFO [main] org.apache.coyote.AbstractProtocol.init Initializing ProtocolHandler ["http-apr-8080"]
22-Sep-2015 21:43:52.427 INFO [main] org.apache.coyote.AbstractProtocol.init Initializing ProtocolHandler ["ajp-apr-8009"]
22-Sep-2015 21:43:52.429 INFO [main] org.apache.catalina.startup.Catalina.load Initialization processed in 1290 ms
22-Sep-2015 21:43:52.475 INFO [main] org.apache.catalina.core.StandardService.startInternal Starting service Catalina
22-Sep-2015 21:43:52.476 INFO [main] org.apache.catalina.core.StandardEngine.startInternal Starting Servlet Engine: Apache Tomcat/8.0.26
22-Sep-2015 21:43:52.485 INFO [localhost-startStop-1] org.apache.catalina.startup.HostConfig.deployDirectory Deploying web application directory C:\Users\Christian\Documents\GitHub\SecureSoftwareFuzzer\apache-tomcat-8.0.26\webapps\bodgeit
22-Sep-2015 21:43:52.947 INFO [localhost-startStop-1] org.apache.jasper.servlet.TldScanner.scanJars At least one JAR was scanned for TLDs yet contained no TLDs. Enable debug logging for this logger for a complete list of JARs that were scanned but no TLDs were found in them. Skipping unneeded JARs during scanning can improve startup time and JSP compilation time.
22-Sep-2015 21:43:53.076 INFO [localhost-startStop-1] org.apache.catalina.util.SessionIdGeneratorBase.createSecureRandom Creation of SecureRandom instance for session ID generation using [SHA1PRNG] took [106] milliseconds.
22-Sep-2015 21:43:53.364 INFO [localhost-startStop-1] org.apache.catalina.startup.HostConfig.deployDirectory Deployment of web application directory C:\Users\Christian\Documents\GitHub\SecureSoftwareFuzzer\apache-tomcat-8.0.26\webapps\bodgeit has finished in 879 ms
22-Sep-2015 21:43:53.365 INFO [localhost-startStop-1] org.apache.catalina.startup.HostConfig.deployDirectory Deploying web application directory C:\Users\Christian\Documents\GitHub\SecureSoftwareFuzzer\apache-tomcat-8.0.26\webapps\docs
22-Sep-2015 21:43:53.399 INFO [localhost-startStop-1] org.apache.catalina.startup.HostConfig.deployDirectory Deployment of web application directory C:\Users\Christian\Documents\GitHub\SecureSoftwareFuzzer\apache-tomcat-8.0.26\webapps\docs has finished in 34 ms
22-Sep-2015 21:43:53.400 INFO [localhost-startStop-1] org.apache.catalina.startup.HostConfig.deployDirectory Deploying web application directory C:\Users\Christian\Documents\GitHub\SecureSoftwareFuzzer\apache-tomcat-8.0.26\webapps\examples
22-Sep-2015 21:43:54.075 INFO [localhost-startStop-1] org.apache.catalina.startup.HostConfig.deployDirectory Deployment of web application directory C:\Users\Christian\Documents\GitHub\SecureSoftwareFuzzer\apache-tomcat-8.0.26\webapps\examples has finished in 675 ms
22-Sep-2015 21:43:54.076 INFO [localhost-startStop-1] org.apache.catalina.startup.HostConfig.deployDirectory Deploying web application directory C:\Users\Christian\Documents\GitHub\SecureSoftwareFuzzer\apache-tomcat-8.0.26\webapps\host-manager
22-Sep-2015 21:43:54.145 INFO [localhost-startStop-1] org.apache.catalina.startup.HostConfig.deployDirectory Deployment of web application directory C:\Users\Christian\Documents\GitHub\SecureSoftwareFuzzer\apache-tomcat-8.0.26\webapps\host-manager has finished in 69 ms
22-Sep-2015 21:43:54.146 INFO [localhost-startStop-1] org.apache.catalina.startup.HostConfig.deployDirectory Deploying web application directory C:\Users\Christian\Documents\GitHub\SecureSoftwareFuzzer\apache-tomcat-8.0.26\webapps\manager
22-Sep-2015 21:43:54.177 INFO [localhost-startStop-1] org.apache.catalina.startup.HostConfig.deployDirectory Deployment of web application directory C:\Users\Christian\Documents\GitHub\SecureSoftwareFuzzer\apache-tomcat-8.0.26\webapps\manager has finished in 31 ms
22-Sep-2015 21:43:54.178 INFO [localhost-startStop-1] org.apache.catalina.startup.HostConfig.deployDirectory Deploying web application directory C:\Users\Christian\Documents\GitHub\SecureSoftwareFuzzer\apache-tomcat-8.0.26\webapps\ROOT
22-Sep-2015 21:43:54.214 INFO [localhost-startStop-1] org.apache.catalina.startup.HostConfig.deployDirectory Deployment of web application directory C:\Users\Christian\Documents\GitHub\SecureSoftwareFuzzer\apache-tomcat-8.0.26\webapps\ROOT has finished in 36 ms
22-Sep-2015 21:43:54.217 INFO [main] org.apache.coyote.AbstractProtocol.start Starting ProtocolHandler ["http-apr-8080"]
22-Sep-2015 21:43:54.224 INFO [main] org.apache.coyote.AbstractProtocol.start Starting ProtocolHandler ["ajp-apr-8009"]
22-Sep-2015 21:43:54.225 INFO [main] org.apache.catalina.startup.Catalina.start Server startup in 1794 ms
22-Sep-2015 21:43:57.583 INFO [Thread-3] org.apache.coyote.AbstractProtocol.pause Pausing ProtocolHandler ["http-apr-8080"]
22-Sep-2015 21:43:57.637 INFO [Thread-3] org.apache.coyote.AbstractProtocol.pause Pausing ProtocolHandler ["ajp-apr-8009"]
22-Sep-2015 21:43:57.688 INFO [Thread-3] org.apache.catalina.core.StandardService.stopInternal Stopping service Catalina
22-Sep-2015 21:43:57.704 WARNING [localhost-startStop-1] org.apache.catalina.loader.WebappClassLoaderBase.clearReferencesJdbc The web application [bodgeit] registered the JDBC driver [org.hsqldb.jdbcDriver] but failed to unregister it when the web application was stopped. To prevent a memory leak, the JDBC Driver has been forcibly unregistered.
22-Sep-2015 21:43:57.718 INFO [Thread-3] org.apache.coyote.AbstractProtocol.stop Stopping ProtocolHandler ["http-apr-8080"]
22-Sep-2015 21:43:57.768 INFO [Thread-3] org.apache.coyote.AbstractProtocol.stop Stopping ProtocolHandler ["ajp-apr-8009"]
22-Sep-2015 21:43:57.818 INFO [Thread-3] org.apache.coyote.AbstractProtocol.destroy Destroying ProtocolHandler ["http-apr-8080"]
22-Sep-2015 21:43:57.819 INFO [Thread-3] org.apache.coyote.AbstractProtocol.destroy Destroying ProtocolHandler ["ajp-apr-8009"]
22-Sep-2015 22:18:22.037 INFO [main] org.apache.catalina.startup.VersionLoggerListener.log Server version:        Apache Tomcat/8.0.26
22-Sep-2015 22:18:22.039 INFO [main] org.apache.catalina.startup.VersionLoggerListener.log Server built:          Aug 18 2015 11:38:37 UTC
22-Sep-2015 22:18:22.039 INFO [main] org.apache.catalina.startup.VersionLoggerListener.log Server number:         8.0.26.0
22-Sep-2015 22:18:22.040 INFO [main] org.apache.catalina.startup.VersionLoggerListener.log OS Name:               Windows 10
22-Sep-2015 22:18:22.040 INFO [main] org.apache.catalina.startup.VersionLoggerListener.log OS Version:            10.0
22-Sep-2015 22:18:22.040 INFO [main] org.apache.catalina.startup.VersionLoggerListener.log Architecture:          amd64
22-Sep-2015 22:18:22.041 INFO [main] org.apache.catalina.startup.VersionLoggerListener.log Java Home:             C:\Program Files\Java\jre1.8.0_60
22-Sep-2015 22:18:22.041 INFO [main] org.apache.catalina.startup.VersionLoggerListener.log JVM Version:           1.8.0_60-b27
22-Sep-2015 22:18:22.042 INFO [main] org.apache.catalina.startup.VersionLoggerListener.log JVM Vendor:            Oracle Corporation
22-Sep-2015 22:18:22.042 INFO [main] org.apache.catalina.startup.VersionLoggerListener.log CATALINA_BASE:         C:\Users\Christian\Documents\GitHub\SecureSoftwareFuzzer\apache-tomcat-8.0.26
22-Sep-2015 22:18:22.043 INFO [main] org.apache.catalina.startup.VersionLoggerListener.log CATALINA_HOME:         C:\Users\Christian\Documents\GitHub\SecureSoftwareFuzzer\apache-tomcat-8.0.26
22-Sep-2015 22:18:22.043 INFO [main] org.apache.catalina.startup.VersionLoggerListener.log Command line argument: -Djava.util.logging.config.file=C:\Users\Christian\Documents\GitHub\SecureSoftwareFuzzer\apache-tomcat-8.0.26\conf\logging.properties
22-Sep-2015 22:18:22.043 INFO [main] org.apache.catalina.startup.VersionLoggerListener.log Command line argument: -Djava.util.logging.manager=org.apache.juli.ClassLoaderLogManager
22-Sep-2015 22:18:22.044 INFO [main] org.apache.catalina.startup.VersionLoggerListener.log Command line argument: -Djava.endorsed.dirs=C:\Users\Christian\Documents\GitHub\SecureSoftwareFuzzer\apache-tomcat-8.0.26\endorsed
22-Sep-2015 22:18:22.044 INFO [main] org.apache.catalina.startup.VersionLoggerListener.log Command line argument: -Dcatalina.base=C:\Users\Christian\Documents\GitHub\SecureSoftwareFuzzer\apache-tomcat-8.0.26
22-Sep-2015 22:18:22.045 INFO [main] org.apache.catalina.startup.VersionLoggerListener.log Command line argument: -Dcatalina.home=C:\Users\Christian\Documents\GitHub\SecureSoftwareFuzzer\apache-tomcat-8.0.26
22-Sep-2015 22:18:22.045 INFO [main] org.apache.catalina.startup.VersionLoggerListener.log Command line argument: -Djava.io.tmpdir=C:\Users\Christian\Documents\GitHub\SecureSoftwareFuzzer\apache-tomcat-8.0.26\temp
22-Sep-2015 22:18:22.045 INFO [main] org.apache.catalina.core.AprLifecycleListener.lifecycleEvent Loaded APR based Apache Tomcat Native library 1.1.33 using APR version 1.5.1.
22-Sep-2015 22:18:22.046 INFO [main] org.apache.catalina.core.AprLifecycleListener.lifecycleEvent APR capabilities: IPv6 [true], sendfile [true], accept filters [false], random [true].
22-Sep-2015 22:18:22.725 INFO [main] org.apache.catalina.core.AprLifecycleListener.initializeSSL OpenSSL successfully initialized (OpenSSL 1.0.1m 19 Mar 2015)
22-Sep-2015 22:18:22.839 INFO [main] org.apache.coyote.AbstractProtocol.init Initializing ProtocolHandler ["http-apr-8080"]
22-Sep-2015 22:18:22.849 INFO [main] org.apache.coyote.AbstractProtocol.init Initializing ProtocolHandler ["ajp-apr-8009"]
22-Sep-2015 22:18:22.851 INFO [main] org.apache.catalina.startup.Catalina.load Initialization processed in 1139 ms
22-Sep-2015 22:18:22.873 INFO [main] org.apache.catalina.core.StandardService.startInternal Starting service Catalina
22-Sep-2015 22:18:22.873 INFO [main] org.apache.catalina.core.StandardEngine.startInternal Starting Servlet Engine: Apache Tomcat/8.0.26
22-Sep-2015 22:18:22.883 INFO [localhost-startStop-1] org.apache.catalina.startup.HostConfig.deployDirectory Deploying web application directory C:\Users\Christian\Documents\GitHub\SecureSoftwareFuzzer\apache-tomcat-8.0.26\webapps\bodgeit
22-Sep-2015 22:18:23.263 INFO [localhost-startStop-1] org.apache.jasper.servlet.TldScanner.scanJars At least one JAR was scanned for TLDs yet contained no TLDs. Enable debug logging for this logger for a complete list of JARs that were scanned but no TLDs were found in them. Skipping unneeded JARs during scanning can improve startup time and JSP compilation time.
22-Sep-2015 22:18:23.386 INFO [localhost-startStop-1] org.apache.catalina.util.SessionIdGeneratorBase.createSecureRandom Creation of SecureRandom instance for session ID generation using [SHA1PRNG] took [102] milliseconds.
22-Sep-2015 22:18:23.652 INFO [localhost-startStop-1] org.apache.catalina.startup.HostConfig.deployDirectory Deployment of web application directory C:\Users\Christian\Documents\GitHub\SecureSoftwareFuzzer\apache-tomcat-8.0.26\webapps\bodgeit has finished in 769 ms
22-Sep-2015 22:18:23.653 INFO [localhost-startStop-1] org.apache.catalina.startup.HostConfig.deployDirectory Deploying web application directory C:\Users\Christian\Documents\GitHub\SecureSoftwareFuzzer\apache-tomcat-8.0.26\webapps\docs
22-Sep-2015 22:18:23.673 INFO [localhost-startStop-1] org.apache.catalina.startup.HostConfig.deployDirectory Deployment of web application directory C:\Users\Christian\Documents\GitHub\SecureSoftwareFuzzer\apache-tomcat-8.0.26\webapps\docs has finished in 20 ms
22-Sep-2015 22:18:23.673 INFO [localhost-startStop-1] org.apache.catalina.startup.HostConfig.deployDirectory Deploying web application directory C:\Users\Christian\Documents\GitHub\SecureSoftwareFuzzer\apache-tomcat-8.0.26\webapps\examples
22-Sep-2015 22:18:24.374 INFO [localhost-startStop-1] org.apache.catalina.startup.HostConfig.deployDirectory Deployment of web application directory C:\Users\Christian\Documents\GitHub\SecureSoftwareFuzzer\apache-tomcat-8.0.26\webapps\examples has finished in 701 ms
22-Sep-2015 22:18:24.375 INFO [localhost-startStop-1] org.apache.catalina.startup.HostConfig.deployDirectory Deploying web application directory C:\Users\Christian\Documents\GitHub\SecureSoftwareFuzzer\apache-tomcat-8.0.26\webapps\host-manager
22-Sep-2015 22:18:24.423 INFO [localhost-startStop-1] org.apache.catalina.startup.HostConfig.deployDirectory Deployment of web application directory C:\Users\Christian\Documents\GitHub\SecureSoftwareFuzzer\apache-tomcat-8.0.26\webapps\host-manager has finished in 48 ms
22-Sep-2015 22:18:24.424 INFO [localhost-startStop-1] org.apache.catalina.startup.HostConfig.deployDirectory Deploying web application directory C:\Users\Christian\Documents\GitHub\SecureSoftwareFuzzer\apache-tomcat-8.0.26\webapps\manager
22-Sep-2015 22:18:24.457 INFO [localhost-startStop-1] org.apache.catalina.startup.HostConfig.deployDirectory Deployment of web application directory C:\Users\Christian\Documents\GitHub\SecureSoftwareFuzzer\apache-tomcat-8.0.26\webapps\manager has finished in 32 ms
22-Sep-2015 22:18:24.457 INFO [localhost-startStop-1] org.apache.catalina.startup.HostConfig.deployDirectory Deploying web application directory C:\Users\Christian\Documents\GitHub\SecureSoftwareFuzzer\apache-tomcat-8.0.26\webapps\ROOT
22-Sep-2015 22:18:24.495 INFO [localhost-startStop-1] org.apache.catalina.startup.HostConfig.deployDirectory Deployment of web application directory C:\Users\Christian\Documents\GitHub\SecureSoftwareFuzzer\apache-tomcat-8.0.26\webapps\ROOT has finished in 38 ms
22-Sep-2015 22:18:24.498 INFO [main] org.apache.coyote.AbstractProtocol.start Starting ProtocolHandler ["http-apr-8080"]
22-Sep-2015 22:18:24.504 INFO [main] org.apache.coyote.AbstractProtocol.start Starting ProtocolHandler ["ajp-apr-8009"]
22-Sep-2015 22:18:24.505 INFO [main] org.apache.catalina.startup.Catalina.start Server startup in 1653 ms
22-Sep-2015 22:19:05.364 INFO [Thread-3] org.apache.coyote.AbstractProtocol.pause Pausing ProtocolHandler ["http-apr-8080"]
22-Sep-2015 22:19:05.439 INFO [Thread-3] org.apache.coyote.AbstractProtocol.pause Pausing ProtocolHandler ["ajp-apr-8009"]
22-Sep-2015 22:19:05.490 INFO [Thread-3] org.apache.catalina.core.StandardService.stopInternal Stopping service Catalina
22-Sep-2015 22:19:05.510 WARNING [localhost-startStop-2] org.apache.catalina.loader.WebappClassLoaderBase.clearReferencesJdbc The web application [bodgeit] registered the JDBC driver [org.hsqldb.jdbcDriver] but failed to unregister it when the web application was stopped. To prevent a memory leak, the JDBC Driver has been forcibly unregistered.
22-Sep-2015 22:19:05.524 INFO [Thread-3] org.apache.coyote.AbstractProtocol.stop Stopping ProtocolHandler ["http-apr-8080"]
22-Sep-2015 22:19:05.592 INFO [Thread-3] org.apache.coyote.AbstractProtocol.stop Stopping ProtocolHandler ["ajp-apr-8009"]
22-Sep-2015 22:19:05.646 INFO [Thread-3] org.apache.coyote.AbstractProtocol.destroy Destroying ProtocolHandler ["http-apr-8080"]
22-Sep-2015 22:19:05.662 INFO [Thread-3] org.apache.coyote.AbstractProtocol.destroy Destroying ProtocolHandler ["ajp-apr-8009"]
