23-Sep-2015 11:07:16.994 INFO [main] org.apache.catalina.startup.VersionLoggerListener.log Server version:        Apache Tomcat/8.0.26
23-Sep-2015 11:07:17.012 INFO [main] org.apache.catalina.startup.VersionLoggerListener.log Server built:          Aug 18 2015 11:38:37 UTC
23-Sep-2015 11:07:17.012 INFO [main] org.apache.catalina.startup.VersionLoggerListener.log Server number:         8.0.26.0
23-Sep-2015 11:07:17.013 INFO [main] org.apache.catalina.startup.VersionLoggerListener.log OS Name:               Windows 10
23-Sep-2015 11:07:17.013 INFO [main] org.apache.catalina.startup.VersionLoggerListener.log OS Version:            10.0
23-Sep-2015 11:07:17.013 INFO [main] org.apache.catalina.startup.VersionLoggerListener.log Architecture:          amd64
23-Sep-2015 11:07:17.014 INFO [main] org.apache.catalina.startup.VersionLoggerListener.log Java Home:             C:\Program Files\Java\jre1.8.0_60
23-Sep-2015 11:07:17.014 INFO [main] org.apache.catalina.startup.VersionLoggerListener.log JVM Version:           1.8.0_60-b27
23-Sep-2015 11:07:17.014 INFO [main] org.apache.catalina.startup.VersionLoggerListener.log JVM Vendor:            Oracle Corporation
23-Sep-2015 11:07:17.015 INFO [main] org.apache.catalina.startup.VersionLoggerListener.log CATALINA_BASE:         C:\Users\Christian\Documents\GitHub\SecureSoftwareFuzzer\apache-tomcat-8.0.26
23-Sep-2015 11:07:17.015 INFO [main] org.apache.catalina.startup.VersionLoggerListener.log CATALINA_HOME:         C:\Users\Christian\Documents\GitHub\SecureSoftwareFuzzer\apache-tomcat-8.0.26
23-Sep-2015 11:07:17.016 INFO [main] org.apache.catalina.startup.VersionLoggerListener.log Command line argument: -Djava.util.logging.config.file=C:\Users\Christian\Documents\GitHub\SecureSoftwareFuzzer\apache-tomcat-8.0.26\conf\logging.properties
23-Sep-2015 11:07:17.016 INFO [main] org.apache.catalina.startup.VersionLoggerListener.log Command line argument: -Djava.util.logging.manager=org.apache.juli.ClassLoaderLogManager
23-Sep-2015 11:07:17.016 INFO [main] org.apache.catalina.startup.VersionLoggerListener.log Command line argument: -Djava.endorsed.dirs=C:\Users\Christian\Documents\GitHub\SecureSoftwareFuzzer\apache-tomcat-8.0.26\endorsed
23-Sep-2015 11:07:17.017 INFO [main] org.apache.catalina.startup.VersionLoggerListener.log Command line argument: -Dcatalina.base=C:\Users\Christian\Documents\GitHub\SecureSoftwareFuzzer\apache-tomcat-8.0.26
23-Sep-2015 11:07:17.017 INFO [main] org.apache.catalina.startup.VersionLoggerListener.log Command line argument: -Dcatalina.home=C:\Users\Christian\Documents\GitHub\SecureSoftwareFuzzer\apache-tomcat-8.0.26
23-Sep-2015 11:07:17.018 INFO [main] org.apache.catalina.startup.VersionLoggerListener.log Command line argument: -Djava.io.tmpdir=C:\Users\Christian\Documents\GitHub\SecureSoftwareFuzzer\apache-tomcat-8.0.26\temp
23-Sep-2015 11:07:17.018 INFO [main] org.apache.catalina.core.AprLifecycleListener.lifecycleEvent Loaded APR based Apache Tomcat Native library 1.1.33 using APR version 1.5.1.
23-Sep-2015 11:07:17.018 INFO [main] org.apache.catalina.core.AprLifecycleListener.lifecycleEvent APR capabilities: IPv6 [true], sendfile [true], accept filters [false], random [true].
23-Sep-2015 11:07:17.837 INFO [main] org.apache.catalina.core.AprLifecycleListener.initializeSSL OpenSSL successfully initialized (OpenSSL 1.0.1m 19 Mar 2015)
23-Sep-2015 11:07:19.415 INFO [main] org.apache.coyote.AbstractProtocol.init Initializing ProtocolHandler ["http-apr-8080"]
23-Sep-2015 11:07:19.423 INFO [main] org.apache.coyote.AbstractProtocol.init Initializing ProtocolHandler ["ajp-apr-8009"]
23-Sep-2015 11:07:19.425 INFO [main] org.apache.catalina.startup.Catalina.load Initialization processed in 4260 ms
23-Sep-2015 11:07:19.572 INFO [main] org.apache.catalina.core.StandardService.startInternal Starting service Catalina
23-Sep-2015 11:07:19.573 INFO [main] org.apache.catalina.core.StandardEngine.startInternal Starting Servlet Engine: Apache Tomcat/8.0.26
23-Sep-2015 11:07:19.626 INFO [localhost-startStop-1] org.apache.catalina.startup.HostConfig.deployDirectory Deploying web application directory C:\Users\Christian\Documents\GitHub\SecureSoftwareFuzzer\apache-tomcat-8.0.26\webapps\bodgeit
23-Sep-2015 11:07:20.703 INFO [localhost-startStop-1] org.apache.jasper.servlet.TldScanner.scanJars At least one JAR was scanned for TLDs yet contained no TLDs. Enable debug logging for this logger for a complete list of JARs that were scanned but no TLDs were found in them. Skipping unneeded JARs during scanning can improve startup time and JSP compilation time.
23-Sep-2015 11:07:21.094 INFO [localhost-startStop-1] org.apache.catalina.util.SessionIdGeneratorBase.createSecureRandom Creation of SecureRandom instance for session ID generation using [SHA1PRNG] took [316] milliseconds.
23-Sep-2015 11:07:21.565 INFO [localhost-startStop-1] org.apache.catalina.startup.HostConfig.deployDirectory Deployment of web application directory C:\Users\Christian\Documents\GitHub\SecureSoftwareFuzzer\apache-tomcat-8.0.26\webapps\bodgeit has finished in 1,939 ms
23-Sep-2015 11:07:21.566 INFO [localhost-startStop-1] org.apache.catalina.startup.HostConfig.deployDirectory Deploying web application directory C:\Users\Christian\Documents\GitHub\SecureSoftwareFuzzer\apache-tomcat-8.0.26\webapps\docs
23-Sep-2015 11:07:21.594 INFO [localhost-startStop-1] org.apache.catalina.startup.HostConfig.deployDirectory Deployment of web application directory C:\Users\Christian\Documents\GitHub\SecureSoftwareFuzzer\apache-tomcat-8.0.26\webapps\docs has finished in 28 ms
23-Sep-2015 11:07:21.595 INFO [localhost-startStop-1] org.apache.catalina.startup.HostConfig.deployDirectory Deploying web application directory C:\Users\Christian\Documents\GitHub\SecureSoftwareFuzzer\apache-tomcat-8.0.26\webapps\examples
23-Sep-2015 11:07:22.769 INFO [localhost-startStop-1] org.apache.catalina.startup.HostConfig.deployDirectory Deployment of web application directory C:\Users\Christian\Documents\GitHub\SecureSoftwareFuzzer\apache-tomcat-8.0.26\webapps\examples has finished in 1,174 ms
23-Sep-2015 11:07:22.770 INFO [localhost-startStop-1] org.apache.catalina.startup.HostConfig.deployDirectory Deploying web application directory C:\Users\Christian\Documents\GitHub\SecureSoftwareFuzzer\apache-tomcat-8.0.26\webapps\host-manager
23-Sep-2015 11:07:22.826 INFO [localhost-startStop-1] org.apache.catalina.startup.HostConfig.deployDirectory Deployment of web application directory C:\Users\Christian\Documents\GitHub\SecureSoftwareFuzzer\apache-tomcat-8.0.26\webapps\host-manager has finished in 56 ms
23-Sep-2015 11:07:22.827 INFO [localhost-startStop-1] org.apache.catalina.startup.HostConfig.deployDirectory Deploying web application directory C:\Users\Christian\Documents\GitHub\SecureSoftwareFuzzer\apache-tomcat-8.0.26\webapps\manager
23-Sep-2015 11:07:22.874 INFO [localhost-startStop-1] org.apache.catalina.startup.HostConfig.deployDirectory Deployment of web application directory C:\Users\Christian\Documents\GitHub\SecureSoftwareFuzzer\apache-tomcat-8.0.26\webapps\manager has finished in 47 ms
23-Sep-2015 11:07:22.875 INFO [localhost-startStop-1] org.apache.catalina.startup.HostConfig.deployDirectory Deploying web application directory C:\Users\Christian\Documents\GitHub\SecureSoftwareFuzzer\apache-tomcat-8.0.26\webapps\ROOT
23-Sep-2015 11:07:22.904 INFO [localhost-startStop-1] org.apache.catalina.startup.HostConfig.deployDirectory Deployment of web application directory C:\Users\Christian\Documents\GitHub\SecureSoftwareFuzzer\apache-tomcat-8.0.26\webapps\ROOT has finished in 29 ms
23-Sep-2015 11:07:22.907 INFO [main] org.apache.coyote.AbstractProtocol.start Starting ProtocolHandler ["http-apr-8080"]
23-Sep-2015 11:07:22.913 INFO [main] org.apache.coyote.AbstractProtocol.start Starting ProtocolHandler ["ajp-apr-8009"]
23-Sep-2015 11:07:22.914 INFO [main] org.apache.catalina.startup.Catalina.start Server startup in 3488 ms
23-Sep-2015 13:22:13.687 INFO [Thread-3] org.apache.coyote.AbstractProtocol.pause Pausing ProtocolHandler ["http-apr-8080"]
23-Sep-2015 13:22:13.751 INFO [Thread-3] org.apache.coyote.AbstractProtocol.pause Pausing ProtocolHandler ["ajp-apr-8009"]
23-Sep-2015 13:22:13.802 INFO [Thread-3] org.apache.catalina.core.StandardService.stopInternal Stopping service Catalina
23-Sep-2015 13:22:14.063 WARNING [localhost-startStop-2] org.apache.catalina.loader.WebappClassLoaderBase.clearReferencesJdbc The web application [bodgeit] registered the JDBC driver [org.hsqldb.jdbcDriver] but failed to unregister it when the web application was stopped. To prevent a memory leak, the JDBC Driver has been forcibly unregistered.
23-Sep-2015 13:22:14.112 INFO [Thread-3] org.apache.coyote.AbstractProtocol.stop Stopping ProtocolHandler ["http-apr-8080"]
23-Sep-2015 13:22:14.179 INFO [Thread-3] org.apache.coyote.AbstractProtocol.stop Stopping ProtocolHandler ["ajp-apr-8009"]
23-Sep-2015 13:22:14.230 INFO [Thread-3] org.apache.coyote.AbstractProtocol.destroy Destroying ProtocolHandler ["http-apr-8080"]
23-Sep-2015 13:22:14.231 INFO [Thread-3] org.apache.coyote.AbstractProtocol.destroy Destroying ProtocolHandler ["ajp-apr-8009"]
