28-Sep-2015 03:43:13.559 WARNING [http-apr-8080-exec-10] org.apache.catalina.realm.LockOutRealm.authenticate An attempt was made to authenticate the locked user "tomcat"
28-Sep-2015 03:43:14.042 WARNING [http-apr-8080-exec-5] org.apache.catalina.realm.LockOutRealm.authenticate An attempt was made to authenticate the locked user "tomcat"
28-Sep-2015 03:43:14.512 WARNING [http-apr-8080-exec-6] org.apache.catalina.realm.LockOutRealm.authenticate An attempt was made to authenticate the locked user "tomcat"
28-Sep-2015 03:43:14.968 WARNING [http-apr-8080-exec-10] org.apache.catalina.realm.LockOutRealm.authenticate An attempt was made to authenticate the locked user "tomcat"
28-Sep-2015 03:43:15.502 WARNING [http-apr-8080-exec-1] org.apache.catalina.realm.LockOutRealm.authenticate An attempt was made to authenticate the locked user "tomcat"
28-Sep-2015 03:43:16.025 WARNING [http-apr-8080-exec-6] org.apache.catalina.realm.LockOutRealm.authenticate An attempt was made to authenticate the locked user "tomcat"
28-Sep-2015 03:43:16.540 WARNING [http-apr-8080-exec-8] org.apache.catalina.realm.LockOutRealm.authenticate An attempt was made to authenticate the locked user "tomcat"
28-Sep-2015 03:43:17.013 WARNING [http-apr-8080-exec-1] org.apache.catalina.realm.LockOutRealm.authenticate An attempt was made to authenticate the locked user "tomcat"
28-Sep-2015 03:43:17.439 WARNING [http-apr-8080-exec-5] org.apache.catalina.realm.LockOutRealm.authenticate An attempt was made to authenticate the locked user "tomcat"
28-Sep-2015 03:43:17.921 WARNING [http-apr-8080-exec-6] org.apache.catalina.realm.LockOutRealm.authenticate An attempt was made to authenticate the locked user "tomcat"
28-Sep-2015 03:43:18.345 WARNING [http-apr-8080-exec-10] org.apache.catalina.realm.LockOutRealm.authenticate An attempt was made to authenticate the locked user "tomcat"
28-Sep-2015 03:43:18.767 WARNING [http-apr-8080-exec-1] org.apache.catalina.realm.LockOutRealm.authenticate An attempt was made to authenticate the locked user "tomcat"
28-Sep-2015 03:43:19.221 WARNING [http-apr-8080-exec-7] org.apache.catalina.realm.LockOutRealm.authenticate An attempt was made to authenticate the locked user "tomcat"
28-Sep-2015 03:43:19.784 WARNING [http-apr-8080-exec-8] org.apache.catalina.realm.LockOutRealm.authenticate An attempt was made to authenticate the locked user "tomcat"
28-Sep-2015 03:43:20.237 WARNING [http-apr-8080-exec-1] org.apache.catalina.realm.LockOutRealm.authenticate An attempt was made to authenticate the locked user "tomcat"
28-Sep-2015 03:43:20.686 WARNING [http-apr-8080-exec-5] org.apache.catalina.realm.LockOutRealm.authenticate An attempt was made to authenticate the locked user "tomcat"
28-Sep-2015 03:43:21.135 WARNING [http-apr-8080-exec-8] org.apache.catalina.realm.LockOutRealm.authenticate An attempt was made to authenticate the locked user "tomcat"
28-Sep-2015 03:43:21.585 WARNING [http-apr-8080-exec-10] org.apache.catalina.realm.LockOutRealm.authenticate An attempt was made to authenticate the locked user "tomcat"
28-Sep-2015 03:43:22.094 WARNING [http-apr-8080-exec-5] org.apache.catalina.realm.LockOutRealm.authenticate An attempt was made to authenticate the locked user "tomcat"
28-Sep-2015 03:43:22.563 WARNING [http-apr-8080-exec-7] org.apache.catalina.realm.LockOutRealm.authenticate An attempt was made to authenticate the locked user "tomcat"
28-Sep-2015 03:43:23.073 WARNING [http-apr-8080-exec-10] org.apache.catalina.realm.LockOutRealm.authenticate An attempt was made to authenticate the locked user "tomcat"
28-Sep-2015 03:43:23.638 WARNING [http-apr-8080-exec-1] org.apache.catalina.realm.LockOutRealm.authenticate An attempt was made to authenticate the locked user "tomcat"
28-Sep-2015 03:43:24.088 WARNING [http-apr-8080-exec-7] org.apache.catalina.realm.LockOutRealm.authenticate An attempt was made to authenticate the locked user "tomcat"
28-Sep-2015 03:43:24.509 WARNING [http-apr-8080-exec-8] org.apache.catalina.realm.LockOutRealm.authenticate An attempt was made to authenticate the locked user "tomcat"
28-Sep-2015 03:43:24.924 WARNING [http-apr-8080-exec-10] org.apache.catalina.realm.LockOutRealm.authenticate An attempt was made to authenticate the locked user "tomcat"
28-Sep-2015 03:43:25.346 WARNING [http-apr-8080-exec-5] org.apache.catalina.realm.LockOutRealm.authenticate An attempt was made to authenticate the locked user "tomcat"
28-Sep-2015 03:43:25.819 WARNING [http-apr-8080-exec-7] org.apache.catalina.realm.LockOutRealm.authenticate An attempt was made to authenticate the locked user "tomcat"
28-Sep-2015 03:43:26.240 WARNING [http-apr-8080-exec-10] org.apache.catalina.realm.LockOutRealm.authenticate An attempt was made to authenticate the locked user "tomcat"
28-Sep-2015 03:43:26.675 WARNING [http-apr-8080-exec-1] org.apache.catalina.realm.LockOutRealm.authenticate An attempt was made to authenticate the locked user "tomcat"
28-Sep-2015 03:43:27.154 WARNING [http-apr-8080-exec-7] org.apache.catalina.realm.LockOutRealm.authenticate An attempt was made to authenticate the locked user "tomcat"
28-Sep-2015 03:43:27.612 WARNING [http-apr-8080-exec-8] org.apache.catalina.realm.LockOutRealm.authenticate An attempt was made to authenticate the locked user "tomcat"
28-Sep-2015 03:43:28.120 WARNING [http-apr-8080-exec-10] org.apache.catalina.realm.LockOutRealm.authenticate An attempt was made to authenticate the locked user "tomcat"
28-Sep-2015 03:43:28.622 WARNING [http-apr-8080-exec-1] org.apache.catalina.realm.LockOutRealm.authenticate An attempt was made to authenticate the locked user "tomcat"
28-Sep-2015 03:43:29.070 WARNING [http-apr-8080-exec-5] org.apache.catalina.realm.LockOutRealm.authenticate An attempt was made to authenticate the locked user "tomcat"
28-Sep-2015 03:43:29.513 WARNING [http-apr-8080-exec-7] org.apache.catalina.realm.LockOutRealm.authenticate An attempt was made to authenticate the locked user "tomcat"
28-Sep-2015 03:43:29.970 WARNING [http-apr-8080-exec-8] org.apache.catalina.realm.LockOutRealm.authenticate An attempt was made to authenticate the locked user "tomcat"
28-Sep-2015 03:43:30.396 WARNING [http-apr-8080-exec-10] org.apache.catalina.realm.LockOutRealm.authenticate An attempt was made to authenticate the locked user "tomcat"
28-Sep-2015 03:43:30.936 WARNING [http-apr-8080-exec-1] org.apache.catalina.realm.LockOutRealm.authenticate An attempt was made to authenticate the locked user "tomcat"
28-Sep-2015 03:43:31.496 WARNING [http-apr-8080-exec-5] org.apache.catalina.realm.LockOutRealm.authenticate An attempt was made to authenticate the locked user "tomcat"
28-Sep-2015 03:43:31.991 WARNING [http-apr-8080-exec-7] org.apache.catalina.realm.LockOutRealm.authenticate An attempt was made to authenticate the locked user "tomcat"
28-Sep-2015 03:43:32.416 WARNING [http-apr-8080-exec-8] org.apache.catalina.realm.LockOutRealm.authenticate An attempt was made to authenticate the locked user "tomcat"
28-Sep-2015 03:43:32.950 WARNING [http-apr-8080-exec-10] org.apache.catalina.realm.LockOutRealm.authenticate An attempt was made to authenticate the locked user "tomcat"
28-Sep-2015 03:43:33.598 WARNING [http-apr-8080-exec-1] org.apache.catalina.realm.LockOutRealm.authenticate An attempt was made to authenticate the locked user "tomcat"
28-Sep-2015 03:43:34.085 WARNING [http-apr-8080-exec-5] org.apache.catalina.realm.LockOutRealm.authenticate An attempt was made to authenticate the locked user "tomcat"
28-Sep-2015 03:43:34.589 WARNING [http-apr-8080-exec-7] org.apache.catalina.realm.LockOutRealm.authenticate An attempt was made to authenticate the locked user "tomcat"
28-Sep-2015 03:43:35.090 WARNING [http-apr-8080-exec-8] org.apache.catalina.realm.LockOutRealm.authenticate An attempt was made to authenticate the locked user "tomcat"
28-Sep-2015 03:43:38.130 WARNING [http-apr-8080-exec-10] org.apache.catalina.realm.LockOutRealm.authenticate An attempt was made to authenticate the locked user "admin"
28-Sep-2015 03:43:38.759 WARNING [http-apr-8080-exec-1] org.apache.catalina.realm.LockOutRealm.authenticate An attempt was made to authenticate the locked user "admin"
28-Sep-2015 03:43:39.205 WARNING [http-apr-8080-exec-5] org.apache.catalina.realm.LockOutRealm.authenticate An attempt was made to authenticate the locked user "admin"
28-Sep-2015 03:43:39.647 WARNING [http-apr-8080-exec-7] org.apache.catalina.realm.LockOutRealm.authenticate An attempt was made to authenticate the locked user "admin"
28-Sep-2015 03:43:40.182 WARNING [http-apr-8080-exec-8] org.apache.catalina.realm.LockOutRealm.authenticate An attempt was made to authenticate the locked user "admin"
28-Sep-2015 03:43:40.639 WARNING [http-apr-8080-exec-10] org.apache.catalina.realm.LockOutRealm.authenticate An attempt was made to authenticate the locked user "admin"
28-Sep-2015 03:43:41.057 WARNING [http-apr-8080-exec-1] org.apache.catalina.realm.LockOutRealm.authenticate An attempt was made to authenticate the locked user "admin"
28-Sep-2015 03:43:41.499 WARNING [http-apr-8080-exec-5] org.apache.catalina.realm.LockOutRealm.authenticate An attempt was made to authenticate the locked user "admin"
28-Sep-2015 03:43:42.019 WARNING [http-apr-8080-exec-7] org.apache.catalina.realm.LockOutRealm.authenticate An attempt was made to authenticate the locked user "admin"
28-Sep-2015 03:43:42.447 WARNING [http-apr-8080-exec-8] org.apache.catalina.realm.LockOutRealm.authenticate An attempt was made to authenticate the locked user "admin"
28-Sep-2015 03:43:42.907 WARNING [http-apr-8080-exec-10] org.apache.catalina.realm.LockOutRealm.authenticate An attempt was made to authenticate the locked user "admin"
28-Sep-2015 03:43:43.371 WARNING [http-apr-8080-exec-1] org.apache.catalina.realm.LockOutRealm.authenticate An attempt was made to authenticate the locked user "admin"
28-Sep-2015 03:43:43.911 WARNING [http-apr-8080-exec-5] org.apache.catalina.realm.LockOutRealm.authenticate An attempt was made to authenticate the locked user "admin"
28-Sep-2015 03:43:44.343 WARNING [http-apr-8080-exec-7] org.apache.catalina.realm.LockOutRealm.authenticate An attempt was made to authenticate the locked user "admin"
28-Sep-2015 03:43:44.790 WARNING [http-apr-8080-exec-8] org.apache.catalina.realm.LockOutRealm.authenticate An attempt was made to authenticate the locked user "admin"
28-Sep-2015 03:43:45.327 WARNING [http-apr-8080-exec-10] org.apache.catalina.realm.LockOutRealm.authenticate An attempt was made to authenticate the locked user "admin"
28-Sep-2015 03:43:45.806 WARNING [http-apr-8080-exec-1] org.apache.catalina.realm.LockOutRealm.authenticate An attempt was made to authenticate the locked user "admin"
28-Sep-2015 03:43:46.244 WARNING [http-apr-8080-exec-5] org.apache.catalina.realm.LockOutRealm.authenticate An attempt was made to authenticate the locked user "admin"
28-Sep-2015 03:43:46.700 WARNING [http-apr-8080-exec-7] org.apache.catalina.realm.LockOutRealm.authenticate An attempt was made to authenticate the locked user "admin"
28-Sep-2015 03:43:47.196 WARNING [http-apr-8080-exec-8] org.apache.catalina.realm.LockOutRealm.authenticate An attempt was made to authenticate the locked user "admin"
28-Sep-2015 03:43:47.661 WARNING [http-apr-8080-exec-10] org.apache.catalina.realm.LockOutRealm.authenticate An attempt was made to authenticate the locked user "admin"
28-Sep-2015 03:43:48.170 WARNING [http-apr-8080-exec-1] org.apache.catalina.realm.LockOutRealm.authenticate An attempt was made to authenticate the locked user "admin"
28-Sep-2015 03:43:48.705 WARNING [http-apr-8080-exec-5] org.apache.catalina.realm.LockOutRealm.authenticate An attempt was made to authenticate the locked user "admin"
28-Sep-2015 03:43:49.157 WARNING [http-apr-8080-exec-7] org.apache.catalina.realm.LockOutRealm.authenticate An attempt was made to authenticate the locked user "admin"
28-Sep-2015 03:43:49.598 WARNING [http-apr-8080-exec-8] org.apache.catalina.realm.LockOutRealm.authenticate An attempt was made to authenticate the locked user "admin"
28-Sep-2015 03:43:50.017 WARNING [http-apr-8080-exec-10] org.apache.catalina.realm.LockOutRealm.authenticate An attempt was made to authenticate the locked user "admin"
28-Sep-2015 03:43:50.432 WARNING [http-apr-8080-exec-1] org.apache.catalina.realm.LockOutRealm.authenticate An attempt was made to authenticate the locked user "admin"
28-Sep-2015 03:43:50.909 WARNING [http-apr-8080-exec-5] org.apache.catalina.realm.LockOutRealm.authenticate An attempt was made to authenticate the locked user "admin"
28-Sep-2015 03:43:51.346 WARNING [http-apr-8080-exec-7] org.apache.catalina.realm.LockOutRealm.authenticate An attempt was made to authenticate the locked user "admin"
28-Sep-2015 03:43:51.805 WARNING [http-apr-8080-exec-8] org.apache.catalina.realm.LockOutRealm.authenticate An attempt was made to authenticate the locked user "admin"
28-Sep-2015 03:43:52.262 WARNING [http-apr-8080-exec-10] org.apache.catalina.realm.LockOutRealm.authenticate An attempt was made to authenticate the locked user "admin"
28-Sep-2015 03:43:52.760 WARNING [http-apr-8080-exec-1] org.apache.catalina.realm.LockOutRealm.authenticate An attempt was made to authenticate the locked user "admin"
28-Sep-2015 03:43:53.260 WARNING [http-apr-8080-exec-5] org.apache.catalina.realm.LockOutRealm.authenticate An attempt was made to authenticate the locked user "admin"
28-Sep-2015 03:43:53.705 WARNING [http-apr-8080-exec-7] org.apache.catalina.realm.LockOutRealm.authenticate An attempt was made to authenticate the locked user "admin"
28-Sep-2015 03:43:54.202 WARNING [http-apr-8080-exec-8] org.apache.catalina.realm.LockOutRealm.authenticate An attempt was made to authenticate the locked user "admin"
28-Sep-2015 03:43:54.685 WARNING [http-apr-8080-exec-10] org.apache.catalina.realm.LockOutRealm.authenticate An attempt was made to authenticate the locked user "admin"
28-Sep-2015 03:43:55.131 WARNING [http-apr-8080-exec-1] org.apache.catalina.realm.LockOutRealm.authenticate An attempt was made to authenticate the locked user "admin"
28-Sep-2015 03:43:55.550 WARNING [http-apr-8080-exec-5] org.apache.catalina.realm.LockOutRealm.authenticate An attempt was made to authenticate the locked user "admin"
28-Sep-2015 03:43:56.000 WARNING [http-apr-8080-exec-7] org.apache.catalina.realm.LockOutRealm.authenticate An attempt was made to authenticate the locked user "admin"
28-Sep-2015 03:43:56.479 WARNING [http-apr-8080-exec-8] org.apache.catalina.realm.LockOutRealm.authenticate An attempt was made to authenticate the locked user "admin"
28-Sep-2015 03:43:56.955 WARNING [http-apr-8080-exec-10] org.apache.catalina.realm.LockOutRealm.authenticate An attempt was made to authenticate the locked user "admin"
28-Sep-2015 03:43:57.438 WARNING [http-apr-8080-exec-1] org.apache.catalina.realm.LockOutRealm.authenticate An attempt was made to authenticate the locked user "admin"
28-Sep-2015 03:43:57.979 WARNING [http-apr-8080-exec-5] org.apache.catalina.realm.LockOutRealm.authenticate An attempt was made to authenticate the locked user "admin"
28-Sep-2015 03:43:58.446 WARNING [http-apr-8080-exec-7] org.apache.catalina.realm.LockOutRealm.authenticate An attempt was made to authenticate the locked user "admin"
28-Sep-2015 03:43:59.296 WARNING [http-apr-8080-exec-8] org.apache.catalina.realm.LockOutRealm.authenticate An attempt was made to authenticate the locked user "admin"
28-Sep-2015 03:43:59.712 WARNING [http-apr-8080-exec-10] org.apache.catalina.realm.LockOutRealm.authenticate An attempt was made to authenticate the locked user "admin"
28-Sep-2015 03:44:02.598 WARNING [http-apr-8080-exec-1] org.apache.catalina.realm.LockOutRealm.authenticate An attempt was made to authenticate the locked user "root"
28-Sep-2015 03:44:03.123 WARNING [http-apr-8080-exec-5] org.apache.catalina.realm.LockOutRealm.authenticate An attempt was made to authenticate the locked user "root"
28-Sep-2015 03:44:03.554 WARNING [http-apr-8080-exec-7] org.apache.catalina.realm.LockOutRealm.authenticate An attempt was made to authenticate the locked user "root"
28-Sep-2015 03:44:04.115 WARNING [http-apr-8080-exec-8] org.apache.catalina.realm.LockOutRealm.authenticate An attempt was made to authenticate the locked user "root"
28-Sep-2015 03:44:04.541 WARNING [http-apr-8080-exec-10] org.apache.catalina.realm.LockOutRealm.authenticate An attempt was made to authenticate the locked user "root"
28-Sep-2015 03:44:05.016 WARNING [http-apr-8080-exec-1] org.apache.catalina.realm.LockOutRealm.authenticate An attempt was made to authenticate the locked user "root"
28-Sep-2015 03:44:05.434 WARNING [http-apr-8080-exec-5] org.apache.catalina.realm.LockOutRealm.authenticate An attempt was made to authenticate the locked user "root"
28-Sep-2015 03:44:05.860 WARNING [http-apr-8080-exec-7] org.apache.catalina.realm.LockOutRealm.authenticate An attempt was made to authenticate the locked user "root"
28-Sep-2015 03:44:06.294 WARNING [http-apr-8080-exec-8] org.apache.catalina.realm.LockOutRealm.authenticate An attempt was made to authenticate the locked user "root"
28-Sep-2015 03:44:06.713 WARNING [http-apr-8080-exec-10] org.apache.catalina.realm.LockOutRealm.authenticate An attempt was made to authenticate the locked user "root"
28-Sep-2015 03:44:07.153 WARNING [http-apr-8080-exec-1] org.apache.catalina.realm.LockOutRealm.authenticate An attempt was made to authenticate the locked user "root"
28-Sep-2015 03:44:07.599 WARNING [http-apr-8080-exec-5] org.apache.catalina.realm.LockOutRealm.authenticate An attempt was made to authenticate the locked user "root"
28-Sep-2015 03:44:08.012 WARNING [http-apr-8080-exec-7] org.apache.catalina.realm.LockOutRealm.authenticate An attempt was made to authenticate the locked user "root"
28-Sep-2015 03:44:09.101 WARNING [http-apr-8080-exec-8] org.apache.catalina.realm.LockOutRealm.authenticate An attempt was made to authenticate the locked user "root"
28-Sep-2015 03:44:09.585 WARNING [http-apr-8080-exec-10] org.apache.catalina.realm.LockOutRealm.authenticate An attempt was made to authenticate the locked user "root"
28-Sep-2015 03:44:10.005 WARNING [http-apr-8080-exec-1] org.apache.catalina.realm.LockOutRealm.authenticate An attempt was made to authenticate the locked user "root"
28-Sep-2015 03:44:10.543 WARNING [http-apr-8080-exec-5] org.apache.catalina.realm.LockOutRealm.authenticate An attempt was made to authenticate the locked user "root"
28-Sep-2015 03:44:10.957 WARNING [http-apr-8080-exec-7] org.apache.catalina.realm.LockOutRealm.authenticate An attempt was made to authenticate the locked user "root"
28-Sep-2015 03:44:11.406 WARNING [http-apr-8080-exec-8] org.apache.catalina.realm.LockOutRealm.authenticate An attempt was made to authenticate the locked user "root"
28-Sep-2015 03:44:11.927 WARNING [http-apr-8080-exec-10] org.apache.catalina.realm.LockOutRealm.authenticate An attempt was made to authenticate the locked user "root"
28-Sep-2015 03:44:12.347 WARNING [http-apr-8080-exec-1] org.apache.catalina.realm.LockOutRealm.authenticate An attempt was made to authenticate the locked user "root"
28-Sep-2015 03:44:12.820 WARNING [http-apr-8080-exec-5] org.apache.catalina.realm.LockOutRealm.authenticate An attempt was made to authenticate the locked user "root"
28-Sep-2015 03:44:13.233 WARNING [http-apr-8080-exec-7] org.apache.catalina.realm.LockOutRealm.authenticate An attempt was made to authenticate the locked user "root"
28-Sep-2015 03:44:13.659 WARNING [http-apr-8080-exec-8] org.apache.catalina.realm.LockOutRealm.authenticate An attempt was made to authenticate the locked user "root"
28-Sep-2015 03:44:14.096 WARNING [http-apr-8080-exec-10] org.apache.catalina.realm.LockOutRealm.authenticate An attempt was made to authenticate the locked user "root"
28-Sep-2015 03:44:14.572 WARNING [http-apr-8080-exec-1] org.apache.catalina.realm.LockOutRealm.authenticate An attempt was made to authenticate the locked user "root"
28-Sep-2015 03:44:15.018 WARNING [http-apr-8080-exec-5] org.apache.catalina.realm.LockOutRealm.authenticate An attempt was made to authenticate the locked user "root"
28-Sep-2015 03:44:15.552 WARNING [http-apr-8080-exec-7] org.apache.catalina.realm.LockOutRealm.authenticate An attempt was made to authenticate the locked user "root"
28-Sep-2015 03:44:16.039 WARNING [http-apr-8080-exec-8] org.apache.catalina.realm.LockOutRealm.authenticate An attempt was made to authenticate the locked user "root"
28-Sep-2015 03:44:16.488 WARNING [http-apr-8080-exec-10] org.apache.catalina.realm.LockOutRealm.authenticate An attempt was made to authenticate the locked user "root"
28-Sep-2015 03:44:16.903 WARNING [http-apr-8080-exec-1] org.apache.catalina.realm.LockOutRealm.authenticate An attempt was made to authenticate the locked user "root"
28-Sep-2015 03:44:17.325 WARNING [http-apr-8080-exec-5] org.apache.catalina.realm.LockOutRealm.authenticate An attempt was made to authenticate the locked user "root"
28-Sep-2015 03:44:17.838 WARNING [http-apr-8080-exec-7] org.apache.catalina.realm.LockOutRealm.authenticate An attempt was made to authenticate the locked user "root"
28-Sep-2015 03:44:18.319 WARNING [http-apr-8080-exec-8] org.apache.catalina.realm.LockOutRealm.authenticate An attempt was made to authenticate the locked user "root"
28-Sep-2015 03:44:18.849 WARNING [http-apr-8080-exec-10] org.apache.catalina.realm.LockOutRealm.authenticate An attempt was made to authenticate the locked user "root"
28-Sep-2015 03:44:19.290 WARNING [http-apr-8080-exec-1] org.apache.catalina.realm.LockOutRealm.authenticate An attempt was made to authenticate the locked user "root"
28-Sep-2015 03:44:19.802 WARNING [http-apr-8080-exec-5] org.apache.catalina.realm.LockOutRealm.authenticate An attempt was made to authenticate the locked user "root"
28-Sep-2015 03:44:20.210 WARNING [http-apr-8080-exec-7] org.apache.catalina.realm.LockOutRealm.authenticate An attempt was made to authenticate the locked user "root"
28-Sep-2015 03:44:20.657 WARNING [http-apr-8080-exec-8] org.apache.catalina.realm.LockOutRealm.authenticate An attempt was made to authenticate the locked user "root"
28-Sep-2015 03:44:21.132 WARNING [http-apr-8080-exec-10] org.apache.catalina.realm.LockOutRealm.authenticate An attempt was made to authenticate the locked user "root"
28-Sep-2015 03:44:21.600 WARNING [http-apr-8080-exec-1] org.apache.catalina.realm.LockOutRealm.authenticate An attempt was made to authenticate the locked user "root"
28-Sep-2015 03:44:22.029 WARNING [http-apr-8080-exec-5] org.apache.catalina.realm.LockOutRealm.authenticate An attempt was made to authenticate the locked user "root"
28-Sep-2015 03:44:22.445 WARNING [http-apr-8080-exec-7] org.apache.catalina.realm.LockOutRealm.authenticate An attempt was made to authenticate the locked user "root"
28-Sep-2015 03:44:22.867 WARNING [http-apr-8080-exec-8] org.apache.catalina.realm.LockOutRealm.authenticate An attempt was made to authenticate the locked user "root"
28-Sep-2015 03:44:23.271 WARNING [http-apr-8080-exec-10] org.apache.catalina.realm.LockOutRealm.authenticate An attempt was made to authenticate the locked user "root"
28-Sep-2015 03:44:23.756 WARNING [http-apr-8080-exec-1] org.apache.catalina.realm.LockOutRealm.authenticate An attempt was made to authenticate the locked user "root"
28-Sep-2015 03:44:26.545 WARNING [http-apr-8080-exec-5] org.apache.catalina.realm.LockOutRealm.authenticate An attempt was made to authenticate the locked user "both"
28-Sep-2015 03:44:26.981 WARNING [http-apr-8080-exec-7] org.apache.catalina.realm.LockOutRealm.authenticate An attempt was made to authenticate the locked user "both"
28-Sep-2015 03:44:27.467 WARNING [http-apr-8080-exec-8] org.apache.catalina.realm.LockOutRealm.authenticate An attempt was made to authenticate the locked user "both"
28-Sep-2015 03:44:27.971 WARNING [http-apr-8080-exec-10] org.apache.catalina.realm.LockOutRealm.authenticate An attempt was made to authenticate the locked user "both"
28-Sep-2015 03:44:28.433 WARNING [http-apr-8080-exec-1] org.apache.catalina.realm.LockOutRealm.authenticate An attempt was made to authenticate the locked user "both"
28-Sep-2015 03:44:28.850 WARNING [http-apr-8080-exec-5] org.apache.catalina.realm.LockOutRealm.authenticate An attempt was made to authenticate the locked user "both"
28-Sep-2015 03:44:29.301 WARNING [http-apr-8080-exec-7] org.apache.catalina.realm.LockOutRealm.authenticate An attempt was made to authenticate the locked user "both"
28-Sep-2015 03:44:29.813 WARNING [http-apr-8080-exec-8] org.apache.catalina.realm.LockOutRealm.authenticate An attempt was made to authenticate the locked user "both"
28-Sep-2015 03:44:30.253 WARNING [http-apr-8080-exec-10] org.apache.catalina.realm.LockOutRealm.authenticate An attempt was made to authenticate the locked user "both"
28-Sep-2015 03:44:30.751 WARNING [http-apr-8080-exec-1] org.apache.catalina.realm.LockOutRealm.authenticate An attempt was made to authenticate the locked user "both"
28-Sep-2015 03:44:31.220 WARNING [http-apr-8080-exec-5] org.apache.catalina.realm.LockOutRealm.authenticate An attempt was made to authenticate the locked user "both"
28-Sep-2015 03:44:31.666 WARNING [http-apr-8080-exec-7] org.apache.catalina.realm.LockOutRealm.authenticate An attempt was made to authenticate the locked user "both"
28-Sep-2015 03:44:32.150 WARNING [http-apr-8080-exec-8] org.apache.catalina.realm.LockOutRealm.authenticate An attempt was made to authenticate the locked user "both"
28-Sep-2015 03:44:32.635 WARNING [http-apr-8080-exec-10] org.apache.catalina.realm.LockOutRealm.authenticate An attempt was made to authenticate the locked user "both"
28-Sep-2015 03:44:33.044 WARNING [http-apr-8080-exec-1] org.apache.catalina.realm.LockOutRealm.authenticate An attempt was made to authenticate the locked user "both"
28-Sep-2015 03:44:33.468 WARNING [http-apr-8080-exec-5] org.apache.catalina.realm.LockOutRealm.authenticate An attempt was made to authenticate the locked user "both"
28-Sep-2015 03:44:33.942 WARNING [http-apr-8080-exec-7] org.apache.catalina.realm.LockOutRealm.authenticate An attempt was made to authenticate the locked user "both"
28-Sep-2015 03:44:34.389 WARNING [http-apr-8080-exec-8] org.apache.catalina.realm.LockOutRealm.authenticate An attempt was made to authenticate the locked user "both"
28-Sep-2015 03:44:34.830 WARNING [http-apr-8080-exec-10] org.apache.catalina.realm.LockOutRealm.authenticate An attempt was made to authenticate the locked user "both"
28-Sep-2015 03:44:35.309 WARNING [http-apr-8080-exec-1] org.apache.catalina.realm.LockOutRealm.authenticate An attempt was made to authenticate the locked user "both"
28-Sep-2015 03:44:35.718 WARNING [http-apr-8080-exec-5] org.apache.catalina.realm.LockOutRealm.authenticate An attempt was made to authenticate the locked user "both"
28-Sep-2015 03:44:36.140 WARNING [http-apr-8080-exec-7] org.apache.catalina.realm.LockOutRealm.authenticate An attempt was made to authenticate the locked user "both"
28-Sep-2015 03:44:36.620 WARNING [http-apr-8080-exec-8] org.apache.catalina.realm.LockOutRealm.authenticate An attempt was made to authenticate the locked user "both"
28-Sep-2015 03:44:37.109 WARNING [http-apr-8080-exec-10] org.apache.catalina.realm.LockOutRealm.authenticate An attempt was made to authenticate the locked user "both"
28-Sep-2015 03:44:37.530 WARNING [http-apr-8080-exec-1] org.apache.catalina.realm.LockOutRealm.authenticate An attempt was made to authenticate the locked user "both"
28-Sep-2015 03:44:37.937 WARNING [http-apr-8080-exec-5] org.apache.catalina.realm.LockOutRealm.authenticate An attempt was made to authenticate the locked user "both"
28-Sep-2015 03:44:38.357 WARNING [http-apr-8080-exec-7] org.apache.catalina.realm.LockOutRealm.authenticate An attempt was made to authenticate the locked user "both"
28-Sep-2015 03:44:38.781 WARNING [http-apr-8080-exec-8] org.apache.catalina.realm.LockOutRealm.authenticate An attempt was made to authenticate the locked user "both"
28-Sep-2015 03:44:39.255 WARNING [http-apr-8080-exec-10] org.apache.catalina.realm.LockOutRealm.authenticate An attempt was made to authenticate the locked user "both"
28-Sep-2015 03:44:39.696 WARNING [http-apr-8080-exec-1] org.apache.catalina.realm.LockOutRealm.authenticate An attempt was made to authenticate the locked user "both"
28-Sep-2015 03:44:40.111 WARNING [http-apr-8080-exec-5] org.apache.catalina.realm.LockOutRealm.authenticate An attempt was made to authenticate the locked user "both"
28-Sep-2015 03:44:40.625 WARNING [http-apr-8080-exec-7] org.apache.catalina.realm.LockOutRealm.authenticate An attempt was made to authenticate the locked user "both"
28-Sep-2015 03:44:41.073 WARNING [http-apr-8080-exec-8] org.apache.catalina.realm.LockOutRealm.authenticate An attempt was made to authenticate the locked user "both"
28-Sep-2015 03:44:41.562 WARNING [http-apr-8080-exec-10] org.apache.catalina.realm.LockOutRealm.authenticate An attempt was made to authenticate the locked user "both"
28-Sep-2015 03:44:42.080 WARNING [http-apr-8080-exec-1] org.apache.catalina.realm.LockOutRealm.authenticate An attempt was made to authenticate the locked user "both"
28-Sep-2015 03:44:42.708 WARNING [http-apr-8080-exec-5] org.apache.catalina.realm.LockOutRealm.authenticate An attempt was made to authenticate the locked user "both"
28-Sep-2015 03:44:43.186 WARNING [http-apr-8080-exec-7] org.apache.catalina.realm.LockOutRealm.authenticate An attempt was made to authenticate the locked user "both"
28-Sep-2015 03:44:43.636 WARNING [http-apr-8080-exec-8] org.apache.catalina.realm.LockOutRealm.authenticate An attempt was made to authenticate the locked user "both"
28-Sep-2015 03:44:44.086 WARNING [http-apr-8080-exec-10] org.apache.catalina.realm.LockOutRealm.authenticate An attempt was made to authenticate the locked user "both"
28-Sep-2015 03:44:44.496 WARNING [http-apr-8080-exec-1] org.apache.catalina.realm.LockOutRealm.authenticate An attempt was made to authenticate the locked user "both"
28-Sep-2015 03:44:44.913 WARNING [http-apr-8080-exec-5] org.apache.catalina.realm.LockOutRealm.authenticate An attempt was made to authenticate the locked user "both"
28-Sep-2015 03:44:45.484 WARNING [http-apr-8080-exec-7] org.apache.catalina.realm.LockOutRealm.authenticate An attempt was made to authenticate the locked user "both"
28-Sep-2015 03:44:45.907 WARNING [http-apr-8080-exec-8] org.apache.catalina.realm.LockOutRealm.authenticate An attempt was made to authenticate the locked user "both"
28-Sep-2015 03:44:46.330 WARNING [http-apr-8080-exec-10] org.apache.catalina.realm.LockOutRealm.authenticate An attempt was made to authenticate the locked user "both"
28-Sep-2015 03:44:46.807 WARNING [http-apr-8080-exec-1] org.apache.catalina.realm.LockOutRealm.authenticate An attempt was made to authenticate the locked user "both"
28-Sep-2015 03:44:47.266 WARNING [http-apr-8080-exec-5] org.apache.catalina.realm.LockOutRealm.authenticate An attempt was made to authenticate the locked user "both"
28-Sep-2015 03:44:49.941 WARNING [http-apr-8080-exec-7] org.apache.catalina.realm.LockOutRealm.authenticate An attempt was made to authenticate the locked user "manager"
28-Sep-2015 03:44:50.450 WARNING [http-apr-8080-exec-8] org.apache.catalina.realm.LockOutRealm.authenticate An attempt was made to authenticate the locked user "manager"
28-Sep-2015 03:44:50.902 WARNING [http-apr-8080-exec-10] org.apache.catalina.realm.LockOutRealm.authenticate An attempt was made to authenticate the locked user "manager"
28-Sep-2015 03:44:51.325 WARNING [http-apr-8080-exec-1] org.apache.catalina.realm.LockOutRealm.authenticate An attempt was made to authenticate the locked user "manager"
28-Sep-2015 03:44:51.808 WARNING [http-apr-8080-exec-5] org.apache.catalina.realm.LockOutRealm.authenticate An attempt was made to authenticate the locked user "manager"
28-Sep-2015 03:44:52.231 WARNING [http-apr-8080-exec-7] org.apache.catalina.realm.LockOutRealm.authenticate An attempt was made to authenticate the locked user "manager"
28-Sep-2015 03:44:52.709 WARNING [http-apr-8080-exec-8] org.apache.catalina.realm.LockOutRealm.authenticate An attempt was made to authenticate the locked user "manager"
28-Sep-2015 03:44:53.154 WARNING [http-apr-8080-exec-10] org.apache.catalina.realm.LockOutRealm.authenticate An attempt was made to authenticate the locked user "manager"
28-Sep-2015 03:44:53.749 WARNING [http-apr-8080-exec-1] org.apache.catalina.realm.LockOutRealm.authenticate An attempt was made to authenticate the locked user "manager"
28-Sep-2015 03:44:54.219 WARNING [http-apr-8080-exec-5] org.apache.catalina.realm.LockOutRealm.authenticate An attempt was made to authenticate the locked user "manager"
28-Sep-2015 03:44:54.672 WARNING [http-apr-8080-exec-7] org.apache.catalina.realm.LockOutRealm.authenticate An attempt was made to authenticate the locked user "manager"
28-Sep-2015 03:44:55.090 WARNING [http-apr-8080-exec-8] org.apache.catalina.realm.LockOutRealm.authenticate An attempt was made to authenticate the locked user "manager"
28-Sep-2015 03:44:55.565 WARNING [http-apr-8080-exec-10] org.apache.catalina.realm.LockOutRealm.authenticate An attempt was made to authenticate the locked user "manager"
28-Sep-2015 03:44:56.022 WARNING [http-apr-8080-exec-1] org.apache.catalina.realm.LockOutRealm.authenticate An attempt was made to authenticate the locked user "manager"
28-Sep-2015 03:44:56.469 WARNING [http-apr-8080-exec-5] org.apache.catalina.realm.LockOutRealm.authenticate An attempt was made to authenticate the locked user "manager"
28-Sep-2015 03:44:56.975 WARNING [http-apr-8080-exec-7] org.apache.catalina.realm.LockOutRealm.authenticate An attempt was made to authenticate the locked user "manager"
28-Sep-2015 03:44:57.458 WARNING [http-apr-8080-exec-8] org.apache.catalina.realm.LockOutRealm.authenticate An attempt was made to authenticate the locked user "manager"
28-Sep-2015 03:44:57.928 WARNING [http-apr-8080-exec-10] org.apache.catalina.realm.LockOutRealm.authenticate An attempt was made to authenticate the locked user "manager"
28-Sep-2015 03:44:58.376 WARNING [http-apr-8080-exec-1] org.apache.catalina.realm.LockOutRealm.authenticate An attempt was made to authenticate the locked user "manager"
28-Sep-2015 03:44:58.903 WARNING [http-apr-8080-exec-5] org.apache.catalina.realm.LockOutRealm.authenticate An attempt was made to authenticate the locked user "manager"
28-Sep-2015 03:44:59.389 WARNING [http-apr-8080-exec-7] org.apache.catalina.realm.LockOutRealm.authenticate An attempt was made to authenticate the locked user "manager"
28-Sep-2015 03:44:59.908 WARNING [http-apr-8080-exec-8] org.apache.catalina.realm.LockOutRealm.authenticate An attempt was made to authenticate the locked user "manager"
28-Sep-2015 03:45:00.342 WARNING [http-apr-8080-exec-10] org.apache.catalina.realm.LockOutRealm.authenticate An attempt was made to authenticate the locked user "manager"
28-Sep-2015 03:45:00.841 WARNING [http-apr-8080-exec-1] org.apache.catalina.realm.LockOutRealm.authenticate An attempt was made to authenticate the locked user "manager"
28-Sep-2015 03:45:01.265 WARNING [http-apr-8080-exec-5] org.apache.catalina.realm.LockOutRealm.authenticate An attempt was made to authenticate the locked user "manager"
28-Sep-2015 03:45:01.686 WARNING [http-apr-8080-exec-7] org.apache.catalina.realm.LockOutRealm.authenticate An attempt was made to authenticate the locked user "manager"
28-Sep-2015 03:45:02.131 WARNING [http-apr-8080-exec-8] org.apache.catalina.realm.LockOutRealm.authenticate An attempt was made to authenticate the locked user "manager"
28-Sep-2015 03:45:02.576 WARNING [http-apr-8080-exec-10] org.apache.catalina.realm.LockOutRealm.authenticate An attempt was made to authenticate the locked user "manager"
28-Sep-2015 03:45:03.031 WARNING [http-apr-8080-exec-1] org.apache.catalina.realm.LockOutRealm.authenticate An attempt was made to authenticate the locked user "manager"
28-Sep-2015 03:45:03.485 WARNING [http-apr-8080-exec-5] org.apache.catalina.realm.LockOutRealm.authenticate An attempt was made to authenticate the locked user "manager"
28-Sep-2015 03:45:03.904 WARNING [http-apr-8080-exec-7] org.apache.catalina.realm.LockOutRealm.authenticate An attempt was made to authenticate the locked user "manager"
28-Sep-2015 03:45:04.332 WARNING [http-apr-8080-exec-8] org.apache.catalina.realm.LockOutRealm.authenticate An attempt was made to authenticate the locked user "manager"
28-Sep-2015 03:45:04.751 WARNING [http-apr-8080-exec-10] org.apache.catalina.realm.LockOutRealm.authenticate An attempt was made to authenticate the locked user "manager"
28-Sep-2015 03:45:05.265 WARNING [http-apr-8080-exec-1] org.apache.catalina.realm.LockOutRealm.authenticate An attempt was made to authenticate the locked user "manager"
28-Sep-2015 03:45:05.768 WARNING [http-apr-8080-exec-5] org.apache.catalina.realm.LockOutRealm.authenticate An attempt was made to authenticate the locked user "manager"
28-Sep-2015 03:45:06.212 WARNING [http-apr-8080-exec-7] org.apache.catalina.realm.LockOutRealm.authenticate An attempt was made to authenticate the locked user "manager"
28-Sep-2015 03:45:06.655 WARNING [http-apr-8080-exec-8] org.apache.catalina.realm.LockOutRealm.authenticate An attempt was made to authenticate the locked user "manager"
28-Sep-2015 03:45:07.144 WARNING [http-apr-8080-exec-10] org.apache.catalina.realm.LockOutRealm.authenticate An attempt was made to authenticate the locked user "manager"
28-Sep-2015 03:45:07.634 WARNING [http-apr-8080-exec-1] org.apache.catalina.realm.LockOutRealm.authenticate An attempt was made to authenticate the locked user "manager"
28-Sep-2015 03:45:08.112 WARNING [http-apr-8080-exec-5] org.apache.catalina.realm.LockOutRealm.authenticate An attempt was made to authenticate the locked user "manager"
28-Sep-2015 03:45:08.625 WARNING [http-apr-8080-exec-7] org.apache.catalina.realm.LockOutRealm.authenticate An attempt was made to authenticate the locked user "manager"
28-Sep-2015 03:45:09.100 WARNING [http-apr-8080-exec-8] org.apache.catalina.realm.LockOutRealm.authenticate An attempt was made to authenticate the locked user "manager"
28-Sep-2015 03:45:09.533 WARNING [http-apr-8080-exec-10] org.apache.catalina.realm.LockOutRealm.authenticate An attempt was made to authenticate the locked user "manager"
28-Sep-2015 03:45:10.023 WARNING [http-apr-8080-exec-1] org.apache.catalina.realm.LockOutRealm.authenticate An attempt was made to authenticate the locked user "manager"
28-Sep-2015 03:45:10.440 WARNING [http-apr-8080-exec-5] org.apache.catalina.realm.LockOutRealm.authenticate An attempt was made to authenticate the locked user "manager"
28-Sep-2015 03:45:10.886 WARNING [http-apr-8080-exec-7] org.apache.catalina.realm.LockOutRealm.authenticate An attempt was made to authenticate the locked user "manager"
