29-Sep-2015 10:30:28.840 INFO [Thread-3] org.apache.coyote.AbstractProtocol.pause Pausing ProtocolHandler ["http-apr-8080"]
29-Sep-2015 10:30:29.038 INFO [Thread-3] org.apache.coyote.AbstractProtocol.pause Pausing ProtocolHandler ["ajp-apr-8009"]
29-Sep-2015 10:30:29.115 INFO [Thread-3] org.apache.catalina.core.StandardService.stopInternal Stopping service Catalina
29-Sep-2015 10:30:29.768 WARNING [localhost-startStop-2] org.apache.catalina.loader.WebappClassLoaderBase.clearReferencesJdbc The web application [bodgeit] registered the JDBC driver [org.hsqldb.jdbcDriver] but failed to unregister it when the web application was stopped. To prevent a memory leak, the JDBC Driver has been forcibly unregistered.
29-Sep-2015 10:30:29.902 INFO [Thread-3] org.apache.coyote.AbstractProtocol.stop Stopping ProtocolHandler ["http-apr-8080"]
29-Sep-2015 10:30:29.956 INFO [Thread-3] org.apache.coyote.AbstractProtocol.stop Stopping ProtocolHandler ["ajp-apr-8009"]
29-Sep-2015 10:30:30.024 INFO [Thread-3] org.apache.coyote.AbstractProtocol.destroy Destroying ProtocolHandler ["http-apr-8080"]
29-Sep-2015 10:30:30.094 INFO [Thread-3] org.apache.coyote.AbstractProtocol.destroy Destroying ProtocolHandler ["ajp-apr-8009"]
29-Sep-2015 10:30:41.033 INFO [main] org.apache.catalina.startup.VersionLoggerListener.log Server version:        Apache Tomcat/8.0.26
29-Sep-2015 10:30:41.035 INFO [main] org.apache.catalina.startup.VersionLoggerListener.log Server built:          Aug 18 2015 11:38:37 UTC
29-Sep-2015 10:30:41.035 INFO [main] org.apache.catalina.startup.VersionLoggerListener.log Server number:         8.0.26.0
29-Sep-2015 10:30:41.036 INFO [main] org.apache.catalina.startup.VersionLoggerListener.log OS Name:               Windows 10
29-Sep-2015 10:30:41.036 INFO [main] org.apache.catalina.startup.VersionLoggerListener.log OS Version:            10.0
29-Sep-2015 10:30:41.036 INFO [main] org.apache.catalina.startup.VersionLoggerListener.log Architecture:          amd64
29-Sep-2015 10:30:41.037 INFO [main] org.apache.catalina.startup.VersionLoggerListener.log Java Home:             C:\Program Files\Java\jre1.8.0_60
29-Sep-2015 10:30:41.037 INFO [main] org.apache.catalina.startup.VersionLoggerListener.log JVM Version:           1.8.0_60-b27
29-Sep-2015 10:30:41.038 INFO [main] org.apache.catalina.startup.VersionLoggerListener.log JVM Vendor:            Oracle Corporation
29-Sep-2015 10:30:41.038 INFO [main] org.apache.catalina.startup.VersionLoggerListener.log CATALINA_BASE:         C:\Users\Christian\Documents\GitHub\SecureSoftwareFuzzer\apache-tomcat-8.0.26
29-Sep-2015 10:30:41.039 INFO [main] org.apache.catalina.startup.VersionLoggerListener.log CATALINA_HOME:         C:\Users\Christian\Documents\GitHub\SecureSoftwareFuzzer\apache-tomcat-8.0.26
29-Sep-2015 10:30:41.040 INFO [main] org.apache.catalina.startup.VersionLoggerListener.log Command line argument: -Djava.util.logging.config.file=C:\Users\Christian\Documents\GitHub\SecureSoftwareFuzzer\apache-tomcat-8.0.26\conf\logging.properties
29-Sep-2015 10:30:41.040 INFO [main] org.apache.catalina.startup.VersionLoggerListener.log Command line argument: -Djava.util.logging.manager=org.apache.juli.ClassLoaderLogManager
29-Sep-2015 10:30:41.041 INFO [main] org.apache.catalina.startup.VersionLoggerListener.log Command line argument: -Djava.endorsed.dirs=C:\Users\Christian\Documents\GitHub\SecureSoftwareFuzzer\apache-tomcat-8.0.26\endorsed
29-Sep-2015 10:30:41.041 INFO [main] org.apache.catalina.startup.VersionLoggerListener.log Command line argument: -Dcatalina.base=C:\Users\Christian\Documents\GitHub\SecureSoftwareFuzzer\apache-tomcat-8.0.26
29-Sep-2015 10:30:41.042 INFO [main] org.apache.catalina.startup.VersionLoggerListener.log Command line argument: -Dcatalina.home=C:\Users\Christian\Documents\GitHub\SecureSoftwareFuzzer\apache-tomcat-8.0.26
29-Sep-2015 10:30:41.042 INFO [main] org.apache.catalina.startup.VersionLoggerListener.log Command line argument: -Djava.io.tmpdir=C:\Users\Christian\Documents\GitHub\SecureSoftwareFuzzer\apache-tomcat-8.0.26\temp
29-Sep-2015 10:30:41.043 INFO [main] org.apache.catalina.core.AprLifecycleListener.lifecycleEvent Loaded APR based Apache Tomcat Native library 1.1.33 using APR version 1.5.1.
29-Sep-2015 10:30:41.043 INFO [main] org.apache.catalina.core.AprLifecycleListener.lifecycleEvent APR capabilities: IPv6 [true], sendfile [true], accept filters [false], random [true].
29-Sep-2015 10:30:41.754 INFO [main] org.apache.catalina.core.AprLifecycleListener.initializeSSL OpenSSL successfully initialized (OpenSSL 1.0.1m 19 Mar 2015)
29-Sep-2015 10:30:42.438 INFO [main] org.apache.coyote.AbstractProtocol.init Initializing ProtocolHandler ["http-apr-8080"]
29-Sep-2015 10:30:42.446 INFO [main] org.apache.coyote.AbstractProtocol.init Initializing ProtocolHandler ["ajp-apr-8009"]
29-Sep-2015 10:30:42.448 INFO [main] org.apache.catalina.startup.Catalina.load Initialization processed in 2006 ms
29-Sep-2015 10:30:42.472 INFO [main] org.apache.catalina.core.StandardService.startInternal Starting service Catalina
29-Sep-2015 10:30:42.472 INFO [main] org.apache.catalina.core.StandardEngine.startInternal Starting Servlet Engine: Apache Tomcat/8.0.26
29-Sep-2015 10:30:42.483 INFO [localhost-startStop-1] org.apache.catalina.startup.HostConfig.deployDirectory Deploying web application directory C:\Users\Christian\Documents\GitHub\SecureSoftwareFuzzer\apache-tomcat-8.0.26\webapps\bodgeit
29-Sep-2015 10:30:42.895 INFO [localhost-startStop-1] org.apache.jasper.servlet.TldScanner.scanJars At least one JAR was scanned for TLDs yet contained no TLDs. Enable debug logging for this logger for a complete list of JARs that were scanned but no TLDs were found in them. Skipping unneeded JARs during scanning can improve startup time and JSP compilation time.
29-Sep-2015 10:30:43.031 INFO [localhost-startStop-1] org.apache.catalina.util.SessionIdGeneratorBase.createSecureRandom Creation of SecureRandom instance for session ID generation using [SHA1PRNG] took [109] milliseconds.
29-Sep-2015 10:30:43.302 INFO [localhost-startStop-1] org.apache.catalina.startup.HostConfig.deployDirectory Deployment of web application directory C:\Users\Christian\Documents\GitHub\SecureSoftwareFuzzer\apache-tomcat-8.0.26\webapps\bodgeit has finished in 819 ms
29-Sep-2015 10:30:43.303 INFO [localhost-startStop-1] org.apache.catalina.startup.HostConfig.deployDirectory Deploying web application directory C:\Users\Christian\Documents\GitHub\SecureSoftwareFuzzer\apache-tomcat-8.0.26\webapps\docs
29-Sep-2015 10:30:43.330 INFO [localhost-startStop-1] org.apache.catalina.startup.HostConfig.deployDirectory Deployment of web application directory C:\Users\Christian\Documents\GitHub\SecureSoftwareFuzzer\apache-tomcat-8.0.26\webapps\docs has finished in 27 ms
29-Sep-2015 10:30:43.331 INFO [localhost-startStop-1] org.apache.catalina.startup.HostConfig.deployDirectory Deploying web application directory C:\Users\Christian\Documents\GitHub\SecureSoftwareFuzzer\apache-tomcat-8.0.26\webapps\examples
29-Sep-2015 10:30:44.055 INFO [localhost-startStop-1] org.apache.catalina.startup.HostConfig.deployDirectory Deployment of web application directory C:\Users\Christian\Documents\GitHub\SecureSoftwareFuzzer\apache-tomcat-8.0.26\webapps\examples has finished in 724 ms
29-Sep-2015 10:30:44.056 INFO [localhost-startStop-1] org.apache.catalina.startup.HostConfig.deployDirectory Deploying web application directory C:\Users\Christian\Documents\GitHub\SecureSoftwareFuzzer\apache-tomcat-8.0.26\webapps\host-manager
29-Sep-2015 10:30:44.100 INFO [localhost-startStop-1] org.apache.catalina.startup.HostConfig.deployDirectory Deployment of web application directory C:\Users\Christian\Documents\GitHub\SecureSoftwareFuzzer\apache-tomcat-8.0.26\webapps\host-manager has finished in 44 ms
29-Sep-2015 10:30:44.101 INFO [localhost-startStop-1] org.apache.catalina.startup.HostConfig.deployDirectory Deploying web application directory C:\Users\Christian\Documents\GitHub\SecureSoftwareFuzzer\apache-tomcat-8.0.26\webapps\manager
29-Sep-2015 10:30:44.149 INFO [localhost-startStop-1] org.apache.catalina.startup.HostConfig.deployDirectory Deployment of web application directory C:\Users\Christian\Documents\GitHub\SecureSoftwareFuzzer\apache-tomcat-8.0.26\webapps\manager has finished in 48 ms
29-Sep-2015 10:30:44.150 INFO [localhost-startStop-1] org.apache.catalina.startup.HostConfig.deployDirectory Deploying web application directory C:\Users\Christian\Documents\GitHub\SecureSoftwareFuzzer\apache-tomcat-8.0.26\webapps\ROOT
29-Sep-2015 10:30:44.176 INFO [localhost-startStop-1] org.apache.catalina.startup.HostConfig.deployDirectory Deployment of web application directory C:\Users\Christian\Documents\GitHub\SecureSoftwareFuzzer\apache-tomcat-8.0.26\webapps\ROOT has finished in 26 ms
29-Sep-2015 10:30:44.181 INFO [main] org.apache.coyote.AbstractProtocol.start Starting ProtocolHandler ["http-apr-8080"]
29-Sep-2015 10:30:44.187 INFO [main] org.apache.coyote.AbstractProtocol.start Starting ProtocolHandler ["ajp-apr-8009"]
29-Sep-2015 10:30:44.189 INFO [main] org.apache.catalina.startup.Catalina.start Server startup in 1741 ms
29-Sep-2015 10:38:13.218 INFO [Thread-3] org.apache.coyote.AbstractProtocol.pause Pausing ProtocolHandler ["http-apr-8080"]
29-Sep-2015 10:38:13.272 INFO [Thread-3] org.apache.coyote.AbstractProtocol.pause Pausing ProtocolHandler ["ajp-apr-8009"]
29-Sep-2015 10:38:13.324 INFO [Thread-3] org.apache.catalina.core.StandardService.stopInternal Stopping service Catalina
29-Sep-2015 10:38:13.400 WARNING [localhost-startStop-2] org.apache.catalina.loader.WebappClassLoaderBase.clearReferencesJdbc The web application [bodgeit] registered the JDBC driver [org.hsqldb.jdbcDriver] but failed to unregister it when the web application was stopped. To prevent a memory leak, the JDBC Driver has been forcibly unregistered.
29-Sep-2015 10:38:13.418 INFO [Thread-3] org.apache.coyote.AbstractProtocol.stop Stopping ProtocolHandler ["http-apr-8080"]
29-Sep-2015 10:38:13.469 INFO [Thread-3] org.apache.coyote.AbstractProtocol.stop Stopping ProtocolHandler ["ajp-apr-8009"]
29-Sep-2015 10:38:13.521 INFO [Thread-3] org.apache.coyote.AbstractProtocol.destroy Destroying ProtocolHandler ["http-apr-8080"]
29-Sep-2015 10:38:13.522 INFO [Thread-3] org.apache.coyote.AbstractProtocol.destroy Destroying ProtocolHandler ["ajp-apr-8009"]
29-Sep-2015 20:48:55.143 INFO [main] org.apache.catalina.startup.VersionLoggerListener.log Server version:        Apache Tomcat/8.0.26
29-Sep-2015 20:48:55.145 INFO [main] org.apache.catalina.startup.VersionLoggerListener.log Server built:          Aug 18 2015 11:38:37 UTC
29-Sep-2015 20:48:55.146 INFO [main] org.apache.catalina.startup.VersionLoggerListener.log Server number:         8.0.26.0
29-Sep-2015 20:48:55.146 INFO [main] org.apache.catalina.startup.VersionLoggerListener.log OS Name:               Windows 10
29-Sep-2015 20:48:55.146 INFO [main] org.apache.catalina.startup.VersionLoggerListener.log OS Version:            10.0
29-Sep-2015 20:48:55.147 INFO [main] org.apache.catalina.startup.VersionLoggerListener.log Architecture:          amd64
29-Sep-2015 20:48:55.147 INFO [main] org.apache.catalina.startup.VersionLoggerListener.log Java Home:             C:\Program Files\Java\jre1.8.0_60
29-Sep-2015 20:48:55.147 INFO [main] org.apache.catalina.startup.VersionLoggerListener.log JVM Version:           1.8.0_60-b27
29-Sep-2015 20:48:55.148 INFO [main] org.apache.catalina.startup.VersionLoggerListener.log JVM Vendor:            Oracle Corporation
29-Sep-2015 20:48:55.148 INFO [main] org.apache.catalina.startup.VersionLoggerListener.log CATALINA_BASE:         C:\Users\Christian\Documents\GitHub\SecureSoftwareFuzzer\apache-tomcat-8.0.26
29-Sep-2015 20:48:55.148 INFO [main] org.apache.catalina.startup.VersionLoggerListener.log CATALINA_HOME:         C:\Users\Christian\Documents\GitHub\SecureSoftwareFuzzer\apache-tomcat-8.0.26
29-Sep-2015 20:48:55.149 INFO [main] org.apache.catalina.startup.VersionLoggerListener.log Command line argument: -Djava.util.logging.config.file=C:\Users\Christian\Documents\GitHub\SecureSoftwareFuzzer\apache-tomcat-8.0.26\conf\logging.properties
29-Sep-2015 20:48:55.149 INFO [main] org.apache.catalina.startup.VersionLoggerListener.log Command line argument: -Djava.util.logging.manager=org.apache.juli.ClassLoaderLogManager
29-Sep-2015 20:48:55.150 INFO [main] org.apache.catalina.startup.VersionLoggerListener.log Command line argument: -Djava.endorsed.dirs=C:\Users\Christian\Documents\GitHub\SecureSoftwareFuzzer\apache-tomcat-8.0.26\endorsed
29-Sep-2015 20:48:55.150 INFO [main] org.apache.catalina.startup.VersionLoggerListener.log Command line argument: -Dcatalina.base=C:\Users\Christian\Documents\GitHub\SecureSoftwareFuzzer\apache-tomcat-8.0.26
29-Sep-2015 20:48:55.151 INFO [main] org.apache.catalina.startup.VersionLoggerListener.log Command line argument: -Dcatalina.home=C:\Users\Christian\Documents\GitHub\SecureSoftwareFuzzer\apache-tomcat-8.0.26
29-Sep-2015 20:48:55.151 INFO [main] org.apache.catalina.startup.VersionLoggerListener.log Command line argument: -Djava.io.tmpdir=C:\Users\Christian\Documents\GitHub\SecureSoftwareFuzzer\apache-tomcat-8.0.26\temp
29-Sep-2015 20:48:55.152 INFO [main] org.apache.catalina.core.AprLifecycleListener.lifecycleEvent Loaded APR based Apache Tomcat Native library 1.1.33 using APR version 1.5.1.
29-Sep-2015 20:48:55.152 INFO [main] org.apache.catalina.core.AprLifecycleListener.lifecycleEvent APR capabilities: IPv6 [true], sendfile [true], accept filters [false], random [true].
29-Sep-2015 20:48:55.881 INFO [main] org.apache.catalina.core.AprLifecycleListener.initializeSSL OpenSSL successfully initialized (OpenSSL 1.0.1m 19 Mar 2015)
29-Sep-2015 20:48:56.428 INFO [main] org.apache.coyote.AbstractProtocol.init Initializing ProtocolHandler ["http-apr-8080"]
29-Sep-2015 20:48:56.436 INFO [main] org.apache.coyote.AbstractProtocol.init Initializing ProtocolHandler ["ajp-apr-8009"]
29-Sep-2015 20:48:56.438 INFO [main] org.apache.catalina.startup.Catalina.load Initialization processed in 1783 ms
29-Sep-2015 20:48:56.458 INFO [main] org.apache.catalina.core.StandardService.startInternal Starting service Catalina
29-Sep-2015 20:48:56.458 INFO [main] org.apache.catalina.core.StandardEngine.startInternal Starting Servlet Engine: Apache Tomcat/8.0.26
29-Sep-2015 20:48:56.466 INFO [localhost-startStop-1] org.apache.catalina.startup.HostConfig.deployDirectory Deploying web application directory C:\Users\Christian\Documents\GitHub\SecureSoftwareFuzzer\apache-tomcat-8.0.26\webapps\bodgeit
29-Sep-2015 20:48:56.835 INFO [localhost-startStop-1] org.apache.jasper.servlet.TldScanner.scanJars At least one JAR was scanned for TLDs yet contained no TLDs. Enable debug logging for this logger for a complete list of JARs that were scanned but no TLDs were found in them. Skipping unneeded JARs during scanning can improve startup time and JSP compilation time.
29-Sep-2015 20:48:56.969 INFO [localhost-startStop-1] org.apache.catalina.util.SessionIdGeneratorBase.createSecureRandom Creation of SecureRandom instance for session ID generation using [SHA1PRNG] took [113] milliseconds.
29-Sep-2015 20:48:57.256 INFO [localhost-startStop-1] org.apache.catalina.startup.HostConfig.deployDirectory Deployment of web application directory C:\Users\Christian\Documents\GitHub\SecureSoftwareFuzzer\apache-tomcat-8.0.26\webapps\bodgeit has finished in 790 ms
29-Sep-2015 20:48:57.289 INFO [localhost-startStop-1] org.apache.catalina.startup.HostConfig.deployDirectory Deploying web application directory C:\Users\Christian\Documents\GitHub\SecureSoftwareFuzzer\apache-tomcat-8.0.26\webapps\docs
29-Sep-2015 20:48:57.310 INFO [localhost-startStop-1] org.apache.catalina.startup.HostConfig.deployDirectory Deployment of web application directory C:\Users\Christian\Documents\GitHub\SecureSoftwareFuzzer\apache-tomcat-8.0.26\webapps\docs has finished in 21 ms
29-Sep-2015 20:48:57.311 INFO [localhost-startStop-1] org.apache.catalina.startup.HostConfig.deployDirectory Deploying web application directory C:\Users\Christian\Documents\GitHub\SecureSoftwareFuzzer\apache-tomcat-8.0.26\webapps\examples
29-Sep-2015 20:48:57.955 INFO [localhost-startStop-1] org.apache.catalina.startup.HostConfig.deployDirectory Deployment of web application directory C:\Users\Christian\Documents\GitHub\SecureSoftwareFuzzer\apache-tomcat-8.0.26\webapps\examples has finished in 644 ms
29-Sep-2015 20:48:57.956 INFO [localhost-startStop-1] org.apache.catalina.startup.HostConfig.deployDirectory Deploying web application directory C:\Users\Christian\Documents\GitHub\SecureSoftwareFuzzer\apache-tomcat-8.0.26\webapps\host-manager
29-Sep-2015 20:48:57.990 INFO [localhost-startStop-1] org.apache.catalina.startup.HostConfig.deployDirectory Deployment of web application directory C:\Users\Christian\Documents\GitHub\SecureSoftwareFuzzer\apache-tomcat-8.0.26\webapps\host-manager has finished in 35 ms
29-Sep-2015 20:48:57.991 INFO [localhost-startStop-1] org.apache.catalina.startup.HostConfig.deployDirectory Deploying web application directory C:\Users\Christian\Documents\GitHub\SecureSoftwareFuzzer\apache-tomcat-8.0.26\webapps\manager
29-Sep-2015 20:48:58.018 INFO [localhost-startStop-1] org.apache.catalina.startup.HostConfig.deployDirectory Deployment of web application directory C:\Users\Christian\Documents\GitHub\SecureSoftwareFuzzer\apache-tomcat-8.0.26\webapps\manager has finished in 27 ms
29-Sep-2015 20:48:58.019 INFO [localhost-startStop-1] org.apache.catalina.startup.HostConfig.deployDirectory Deploying web application directory C:\Users\Christian\Documents\GitHub\SecureSoftwareFuzzer\apache-tomcat-8.0.26\webapps\ROOT
29-Sep-2015 20:48:58.044 INFO [localhost-startStop-1] org.apache.catalina.startup.HostConfig.deployDirectory Deployment of web application directory C:\Users\Christian\Documents\GitHub\SecureSoftwareFuzzer\apache-tomcat-8.0.26\webapps\ROOT has finished in 25 ms
29-Sep-2015 20:48:58.049 INFO [main] org.apache.coyote.AbstractProtocol.start Starting ProtocolHandler ["http-apr-8080"]
29-Sep-2015 20:48:58.055 INFO [main] org.apache.coyote.AbstractProtocol.start Starting ProtocolHandler ["ajp-apr-8009"]
29-Sep-2015 20:48:58.056 INFO [main] org.apache.catalina.startup.Catalina.start Server startup in 1618 ms
29-Sep-2015 21:00:06.019 INFO [Thread-3] org.apache.coyote.AbstractProtocol.pause Pausing ProtocolHandler ["http-apr-8080"]
29-Sep-2015 21:00:06.097 INFO [Thread-3] org.apache.coyote.AbstractProtocol.pause Pausing ProtocolHandler ["ajp-apr-8009"]
29-Sep-2015 21:00:06.149 INFO [Thread-3] org.apache.catalina.core.StandardService.stopInternal Stopping service Catalina
29-Sep-2015 21:00:06.256 WARNING [localhost-startStop-2] org.apache.catalina.loader.WebappClassLoaderBase.clearReferencesJdbc The web application [bodgeit] registered the JDBC driver [org.hsqldb.jdbcDriver] but failed to unregister it when the web application was stopped. To prevent a memory leak, the JDBC Driver has been forcibly unregistered.
29-Sep-2015 21:00:06.277 INFO [Thread-3] org.apache.coyote.AbstractProtocol.stop Stopping ProtocolHandler ["http-apr-8080"]
29-Sep-2015 21:00:06.372 INFO [Thread-3] org.apache.coyote.AbstractProtocol.stop Stopping ProtocolHandler ["ajp-apr-8009"]
29-Sep-2015 21:00:06.424 INFO [Thread-3] org.apache.coyote.AbstractProtocol.destroy Destroying ProtocolHandler ["http-apr-8080"]
29-Sep-2015 21:00:06.425 INFO [Thread-3] org.apache.coyote.AbstractProtocol.destroy Destroying ProtocolHandler ["ajp-apr-8009"]
29-Sep-2015 21:00:08.294 INFO [main] org.apache.catalina.startup.VersionLoggerListener.log Server version:        Apache Tomcat/8.0.26
29-Sep-2015 21:00:08.296 INFO [main] org.apache.catalina.startup.VersionLoggerListener.log Server built:          Aug 18 2015 11:38:37 UTC
29-Sep-2015 21:00:08.296 INFO [main] org.apache.catalina.startup.VersionLoggerListener.log Server number:         8.0.26.0
29-Sep-2015 21:00:08.296 INFO [main] org.apache.catalina.startup.VersionLoggerListener.log OS Name:               Windows 10
29-Sep-2015 21:00:08.297 INFO [main] org.apache.catalina.startup.VersionLoggerListener.log OS Version:            10.0
29-Sep-2015 21:00:08.297 INFO [main] org.apache.catalina.startup.VersionLoggerListener.log Architecture:          amd64
29-Sep-2015 21:00:08.297 INFO [main] org.apache.catalina.startup.VersionLoggerListener.log Java Home:             C:\Program Files\Java\jre1.8.0_60
29-Sep-2015 21:00:08.298 INFO [main] org.apache.catalina.startup.VersionLoggerListener.log JVM Version:           1.8.0_60-b27
29-Sep-2015 21:00:08.298 INFO [main] org.apache.catalina.startup.VersionLoggerListener.log JVM Vendor:            Oracle Corporation
29-Sep-2015 21:00:08.298 INFO [main] org.apache.catalina.startup.VersionLoggerListener.log CATALINA_BASE:         C:\Users\Christian\Documents\GitHub\SecureSoftwareFuzzer\apache-tomcat-8.0.26
29-Sep-2015 21:00:08.299 INFO [main] org.apache.catalina.startup.VersionLoggerListener.log CATALINA_HOME:         C:\Users\Christian\Documents\GitHub\SecureSoftwareFuzzer\apache-tomcat-8.0.26
29-Sep-2015 21:00:08.299 INFO [main] org.apache.catalina.startup.VersionLoggerListener.log Command line argument: -Djava.util.logging.config.file=C:\Users\Christian\Documents\GitHub\SecureSoftwareFuzzer\apache-tomcat-8.0.26\conf\logging.properties
29-Sep-2015 21:00:08.300 INFO [main] org.apache.catalina.startup.VersionLoggerListener.log Command line argument: -Djava.util.logging.manager=org.apache.juli.ClassLoaderLogManager
29-Sep-2015 21:00:08.300 INFO [main] org.apache.catalina.startup.VersionLoggerListener.log Command line argument: -Djava.endorsed.dirs=C:\Users\Christian\Documents\GitHub\SecureSoftwareFuzzer\apache-tomcat-8.0.26\endorsed
29-Sep-2015 21:00:08.300 INFO [main] org.apache.catalina.startup.VersionLoggerListener.log Command line argument: -Dcatalina.base=C:\Users\Christian\Documents\GitHub\SecureSoftwareFuzzer\apache-tomcat-8.0.26
29-Sep-2015 21:00:08.301 INFO [main] org.apache.catalina.startup.VersionLoggerListener.log Command line argument: -Dcatalina.home=C:\Users\Christian\Documents\GitHub\SecureSoftwareFuzzer\apache-tomcat-8.0.26
29-Sep-2015 21:00:08.301 INFO [main] org.apache.catalina.startup.VersionLoggerListener.log Command line argument: -Djava.io.tmpdir=C:\Users\Christian\Documents\GitHub\SecureSoftwareFuzzer\apache-tomcat-8.0.26\temp
29-Sep-2015 21:00:08.301 INFO [main] org.apache.catalina.core.AprLifecycleListener.lifecycleEvent Loaded APR based Apache Tomcat Native library 1.1.33 using APR version 1.5.1.
29-Sep-2015 21:00:08.302 INFO [main] org.apache.catalina.core.AprLifecycleListener.lifecycleEvent APR capabilities: IPv6 [true], sendfile [true], accept filters [false], random [true].
29-Sep-2015 21:00:08.992 INFO [main] org.apache.catalina.core.AprLifecycleListener.initializeSSL OpenSSL successfully initialized (OpenSSL 1.0.1m 19 Mar 2015)
29-Sep-2015 21:00:09.097 INFO [main] org.apache.coyote.AbstractProtocol.init Initializing ProtocolHandler ["http-apr-8080"]
29-Sep-2015 21:00:09.106 INFO [main] org.apache.coyote.AbstractProtocol.init Initializing ProtocolHandler ["ajp-apr-8009"]
29-Sep-2015 21:00:09.108 INFO [main] org.apache.catalina.startup.Catalina.load Initialization processed in 1119 ms
29-Sep-2015 21:00:09.129 INFO [main] org.apache.catalina.core.StandardService.startInternal Starting service Catalina
29-Sep-2015 21:00:09.130 INFO [main] org.apache.catalina.core.StandardEngine.startInternal Starting Servlet Engine: Apache Tomcat/8.0.26
29-Sep-2015 21:00:09.138 INFO [localhost-startStop-1] org.apache.catalina.startup.HostConfig.deployDirectory Deploying web application directory C:\Users\Christian\Documents\GitHub\SecureSoftwareFuzzer\apache-tomcat-8.0.26\webapps\bodgeit
29-Sep-2015 21:00:09.489 INFO [localhost-startStop-1] org.apache.jasper.servlet.TldScanner.scanJars At least one JAR was scanned for TLDs yet contained no TLDs. Enable debug logging for this logger for a complete list of JARs that were scanned but no TLDs were found in them. Skipping unneeded JARs during scanning can improve startup time and JSP compilation time.
29-Sep-2015 21:00:09.623 INFO [localhost-startStop-1] org.apache.catalina.util.SessionIdGeneratorBase.createSecureRandom Creation of SecureRandom instance for session ID generation using [SHA1PRNG] took [112] milliseconds.
29-Sep-2015 21:00:09.896 INFO [localhost-startStop-1] org.apache.catalina.startup.HostConfig.deployDirectory Deployment of web application directory C:\Users\Christian\Documents\GitHub\SecureSoftwareFuzzer\apache-tomcat-8.0.26\webapps\bodgeit has finished in 757 ms
29-Sep-2015 21:00:09.896 INFO [localhost-startStop-1] org.apache.catalina.startup.HostConfig.deployDirectory Deploying web application directory C:\Users\Christian\Documents\GitHub\SecureSoftwareFuzzer\apache-tomcat-8.0.26\webapps\docs
29-Sep-2015 21:00:09.917 INFO [localhost-startStop-1] org.apache.catalina.startup.HostConfig.deployDirectory Deployment of web application directory C:\Users\Christian\Documents\GitHub\SecureSoftwareFuzzer\apache-tomcat-8.0.26\webapps\docs has finished in 21 ms
29-Sep-2015 21:00:09.918 INFO [localhost-startStop-1] org.apache.catalina.startup.HostConfig.deployDirectory Deploying web application directory C:\Users\Christian\Documents\GitHub\SecureSoftwareFuzzer\apache-tomcat-8.0.26\webapps\examples
29-Sep-2015 21:00:10.219 INFO [localhost-startStop-1] org.apache.catalina.startup.HostConfig.deployDirectory Deployment of web application directory C:\Users\Christian\Documents\GitHub\SecureSoftwareFuzzer\apache-tomcat-8.0.26\webapps\examples has finished in 301 ms
29-Sep-2015 21:00:10.219 INFO [localhost-startStop-1] org.apache.catalina.startup.HostConfig.deployDirectory Deploying web application directory C:\Users\Christian\Documents\GitHub\SecureSoftwareFuzzer\apache-tomcat-8.0.26\webapps\host-manager
29-Sep-2015 21:00:10.245 INFO [localhost-startStop-1] org.apache.catalina.startup.HostConfig.deployDirectory Deployment of web application directory C:\Users\Christian\Documents\GitHub\SecureSoftwareFuzzer\apache-tomcat-8.0.26\webapps\host-manager has finished in 26 ms
29-Sep-2015 21:00:10.246 INFO [localhost-startStop-1] org.apache.catalina.startup.HostConfig.deployDirectory Deploying web application directory C:\Users\Christian\Documents\GitHub\SecureSoftwareFuzzer\apache-tomcat-8.0.26\webapps\manager
29-Sep-2015 21:00:10.273 INFO [localhost-startStop-1] org.apache.catalina.startup.HostConfig.deployDirectory Deployment of web application directory C:\Users\Christian\Documents\GitHub\SecureSoftwareFuzzer\apache-tomcat-8.0.26\webapps\manager has finished in 27 ms
29-Sep-2015 21:00:10.274 INFO [localhost-startStop-1] org.apache.catalina.startup.HostConfig.deployDirectory Deploying web application directory C:\Users\Christian\Documents\GitHub\SecureSoftwareFuzzer\apache-tomcat-8.0.26\webapps\ROOT
29-Sep-2015 21:00:10.294 INFO [localhost-startStop-1] org.apache.catalina.startup.HostConfig.deployDirectory Deployment of web application directory C:\Users\Christian\Documents\GitHub\SecureSoftwareFuzzer\apache-tomcat-8.0.26\webapps\ROOT has finished in 20 ms
29-Sep-2015 21:00:10.298 INFO [main] org.apache.coyote.AbstractProtocol.start Starting ProtocolHandler ["http-apr-8080"]
29-Sep-2015 21:00:10.304 INFO [main] org.apache.coyote.AbstractProtocol.start Starting ProtocolHandler ["ajp-apr-8009"]
29-Sep-2015 21:00:10.304 INFO [main] org.apache.catalina.startup.Catalina.start Server startup in 1195 ms
29-Sep-2015 22:24:13.961 INFO [Thread-3] org.apache.coyote.AbstractProtocol.pause Pausing ProtocolHandler ["http-apr-8080"]
29-Sep-2015 22:24:14.100 INFO [Thread-3] org.apache.coyote.AbstractProtocol.pause Pausing ProtocolHandler ["ajp-apr-8009"]
29-Sep-2015 22:24:14.151 INFO [Thread-3] org.apache.catalina.core.StandardService.stopInternal Stopping service Catalina
29-Sep-2015 22:24:14.298 WARNING [localhost-startStop-2] org.apache.catalina.loader.WebappClassLoaderBase.clearReferencesJdbc The web application [bodgeit] registered the JDBC driver [org.hsqldb.jdbcDriver] but failed to unregister it when the web application was stopped. To prevent a memory leak, the JDBC Driver has been forcibly unregistered.
29-Sep-2015 22:24:14.324 INFO [Thread-3] org.apache.coyote.AbstractProtocol.stop Stopping ProtocolHandler ["http-apr-8080"]
29-Sep-2015 22:24:14.400 INFO [Thread-3] org.apache.coyote.AbstractProtocol.stop Stopping ProtocolHandler ["ajp-apr-8009"]
29-Sep-2015 22:24:14.451 INFO [Thread-3] org.apache.coyote.AbstractProtocol.destroy Destroying ProtocolHandler ["http-apr-8080"]
29-Sep-2015 22:24:14.452 INFO [Thread-3] org.apache.coyote.AbstractProtocol.destroy Destroying ProtocolHandler ["ajp-apr-8009"]
29-Sep-2015 22:24:18.506 INFO [main] org.apache.catalina.startup.VersionLoggerListener.log Server version:        Apache Tomcat/8.0.26
29-Sep-2015 22:24:18.507 INFO [main] org.apache.catalina.startup.VersionLoggerListener.log Server built:          Aug 18 2015 11:38:37 UTC
29-Sep-2015 22:24:18.508 INFO [main] org.apache.catalina.startup.VersionLoggerListener.log Server number:         8.0.26.0
29-Sep-2015 22:24:18.508 INFO [main] org.apache.catalina.startup.VersionLoggerListener.log OS Name:               Windows 10
29-Sep-2015 22:24:18.508 INFO [main] org.apache.catalina.startup.VersionLoggerListener.log OS Version:            10.0
29-Sep-2015 22:24:18.509 INFO [main] org.apache.catalina.startup.VersionLoggerListener.log Architecture:          amd64
29-Sep-2015 22:24:18.509 INFO [main] org.apache.catalina.startup.VersionLoggerListener.log Java Home:             C:\Program Files\Java\jre1.8.0_60
29-Sep-2015 22:24:18.509 INFO [main] org.apache.catalina.startup.VersionLoggerListener.log JVM Version:           1.8.0_60-b27
29-Sep-2015 22:24:18.510 INFO [main] org.apache.catalina.startup.VersionLoggerListener.log JVM Vendor:            Oracle Corporation
29-Sep-2015 22:24:18.510 INFO [main] org.apache.catalina.startup.VersionLoggerListener.log CATALINA_BASE:         C:\Users\Christian\Documents\GitHub\SecureSoftwareFuzzer\apache-tomcat-8.0.26
29-Sep-2015 22:24:18.510 INFO [main] org.apache.catalina.startup.VersionLoggerListener.log CATALINA_HOME:         C:\Users\Christian\Documents\GitHub\SecureSoftwareFuzzer\apache-tomcat-8.0.26
29-Sep-2015 22:24:18.511 INFO [main] org.apache.catalina.startup.VersionLoggerListener.log Command line argument: -Djava.util.logging.config.file=C:\Users\Christian\Documents\GitHub\SecureSoftwareFuzzer\apache-tomcat-8.0.26\conf\logging.properties
29-Sep-2015 22:24:18.512 INFO [main] org.apache.catalina.startup.VersionLoggerListener.log Command line argument: -Djava.util.logging.manager=org.apache.juli.ClassLoaderLogManager
29-Sep-2015 22:24:18.512 INFO [main] org.apache.catalina.startup.VersionLoggerListener.log Command line argument: -Djava.endorsed.dirs=C:\Users\Christian\Documents\GitHub\SecureSoftwareFuzzer\apache-tomcat-8.0.26\endorsed
29-Sep-2015 22:24:18.512 INFO [main] org.apache.catalina.startup.VersionLoggerListener.log Command line argument: -Dcatalina.base=C:\Users\Christian\Documents\GitHub\SecureSoftwareFuzzer\apache-tomcat-8.0.26
29-Sep-2015 22:24:18.513 INFO [main] org.apache.catalina.startup.VersionLoggerListener.log Command line argument: -Dcatalina.home=C:\Users\Christian\Documents\GitHub\SecureSoftwareFuzzer\apache-tomcat-8.0.26
29-Sep-2015 22:24:18.513 INFO [main] org.apache.catalina.startup.VersionLoggerListener.log Command line argument: -Djava.io.tmpdir=C:\Users\Christian\Documents\GitHub\SecureSoftwareFuzzer\apache-tomcat-8.0.26\temp
29-Sep-2015 22:24:18.514 INFO [main] org.apache.catalina.core.AprLifecycleListener.lifecycleEvent Loaded APR based Apache Tomcat Native library 1.1.33 using APR version 1.5.1.
29-Sep-2015 22:24:18.514 INFO [main] org.apache.catalina.core.AprLifecycleListener.lifecycleEvent APR capabilities: IPv6 [true], sendfile [true], accept filters [false], random [true].
29-Sep-2015 22:24:19.239 INFO [main] org.apache.catalina.core.AprLifecycleListener.initializeSSL OpenSSL successfully initialized (OpenSSL 1.0.1m 19 Mar 2015)
29-Sep-2015 22:24:19.692 INFO [main] org.apache.coyote.AbstractProtocol.init Initializing ProtocolHandler ["http-apr-8080"]
29-Sep-2015 22:24:19.702 INFO [main] org.apache.coyote.AbstractProtocol.init Initializing ProtocolHandler ["ajp-apr-8009"]
29-Sep-2015 22:24:19.704 INFO [main] org.apache.catalina.startup.Catalina.load Initialization processed in 1511 ms
29-Sep-2015 22:24:19.731 INFO [main] org.apache.catalina.core.StandardService.startInternal Starting service Catalina
29-Sep-2015 22:24:19.732 INFO [main] org.apache.catalina.core.StandardEngine.startInternal Starting Servlet Engine: Apache Tomcat/8.0.26
29-Sep-2015 22:24:19.742 INFO [localhost-startStop-1] org.apache.catalina.startup.HostConfig.deployDirectory Deploying web application directory C:\Users\Christian\Documents\GitHub\SecureSoftwareFuzzer\apache-tomcat-8.0.26\webapps\bodgeit
29-Sep-2015 22:24:20.117 INFO [localhost-startStop-1] org.apache.jasper.servlet.TldScanner.scanJars At least one JAR was scanned for TLDs yet contained no TLDs. Enable debug logging for this logger for a complete list of JARs that were scanned but no TLDs were found in them. Skipping unneeded JARs during scanning can improve startup time and JSP compilation time.
29-Sep-2015 22:24:20.248 INFO [localhost-startStop-1] org.apache.catalina.util.SessionIdGeneratorBase.createSecureRandom Creation of SecureRandom instance for session ID generation using [SHA1PRNG] took [107] milliseconds.
29-Sep-2015 22:24:20.559 INFO [localhost-startStop-1] org.apache.catalina.startup.HostConfig.deployDirectory Deployment of web application directory C:\Users\Christian\Documents\GitHub\SecureSoftwareFuzzer\apache-tomcat-8.0.26\webapps\bodgeit has finished in 817 ms
29-Sep-2015 22:24:20.560 INFO [localhost-startStop-1] org.apache.catalina.startup.HostConfig.deployDirectory Deploying web application directory C:\Users\Christian\Documents\GitHub\SecureSoftwareFuzzer\apache-tomcat-8.0.26\webapps\docs
29-Sep-2015 22:24:20.582 INFO [localhost-startStop-1] org.apache.catalina.startup.HostConfig.deployDirectory Deployment of web application directory C:\Users\Christian\Documents\GitHub\SecureSoftwareFuzzer\apache-tomcat-8.0.26\webapps\docs has finished in 22 ms
29-Sep-2015 22:24:20.583 INFO [localhost-startStop-1] org.apache.catalina.startup.HostConfig.deployDirectory Deploying web application directory C:\Users\Christian\Documents\GitHub\SecureSoftwareFuzzer\apache-tomcat-8.0.26\webapps\examples
29-Sep-2015 22:24:21.380 INFO [localhost-startStop-1] org.apache.catalina.startup.HostConfig.deployDirectory Deployment of web application directory C:\Users\Christian\Documents\GitHub\SecureSoftwareFuzzer\apache-tomcat-8.0.26\webapps\examples has finished in 797 ms
29-Sep-2015 22:24:21.381 INFO [localhost-startStop-1] org.apache.catalina.startup.HostConfig.deployDirectory Deploying web application directory C:\Users\Christian\Documents\GitHub\SecureSoftwareFuzzer\apache-tomcat-8.0.26\webapps\host-manager
29-Sep-2015 22:24:21.433 INFO [localhost-startStop-1] org.apache.catalina.startup.HostConfig.deployDirectory Deployment of web application directory C:\Users\Christian\Documents\GitHub\SecureSoftwareFuzzer\apache-tomcat-8.0.26\webapps\host-manager has finished in 52 ms
29-Sep-2015 22:24:21.434 INFO [localhost-startStop-1] org.apache.catalina.startup.HostConfig.deployDirectory Deploying web application directory C:\Users\Christian\Documents\GitHub\SecureSoftwareFuzzer\apache-tomcat-8.0.26\webapps\manager
29-Sep-2015 22:24:21.477 INFO [localhost-startStop-1] org.apache.catalina.startup.HostConfig.deployDirectory Deployment of web application directory C:\Users\Christian\Documents\GitHub\SecureSoftwareFuzzer\apache-tomcat-8.0.26\webapps\manager has finished in 42 ms
29-Sep-2015 22:24:21.477 INFO [localhost-startStop-1] org.apache.catalina.startup.HostConfig.deployDirectory Deploying web application directory C:\Users\Christian\Documents\GitHub\SecureSoftwareFuzzer\apache-tomcat-8.0.26\webapps\ROOT
29-Sep-2015 22:24:21.505 INFO [localhost-startStop-1] org.apache.catalina.startup.HostConfig.deployDirectory Deployment of web application directory C:\Users\Christian\Documents\GitHub\SecureSoftwareFuzzer\apache-tomcat-8.0.26\webapps\ROOT has finished in 28 ms
29-Sep-2015 22:24:21.509 INFO [main] org.apache.coyote.AbstractProtocol.start Starting ProtocolHandler ["http-apr-8080"]
29-Sep-2015 22:24:21.515 INFO [main] org.apache.coyote.AbstractProtocol.start Starting ProtocolHandler ["ajp-apr-8009"]
29-Sep-2015 22:24:21.516 INFO [main] org.apache.catalina.startup.Catalina.start Server startup in 1810 ms
29-Sep-2015 23:36:10.853 INFO [Thread-3] org.apache.coyote.AbstractProtocol.pause Pausing ProtocolHandler ["http-apr-8080"]
29-Sep-2015 23:36:10.909 INFO [Thread-3] org.apache.coyote.AbstractProtocol.pause Pausing ProtocolHandler ["ajp-apr-8009"]
29-Sep-2015 23:36:10.961 INFO [Thread-3] org.apache.catalina.core.StandardService.stopInternal Stopping service Catalina
29-Sep-2015 23:36:10.986 WARNING [localhost-startStop-2] org.apache.catalina.loader.WebappClassLoaderBase.clearReferencesJdbc The web application [bodgeit] registered the JDBC driver [org.hsqldb.jdbcDriver] but failed to unregister it when the web application was stopped. To prevent a memory leak, the JDBC Driver has been forcibly unregistered.
29-Sep-2015 23:36:11.030 INFO [Thread-3] org.apache.coyote.AbstractProtocol.stop Stopping ProtocolHandler ["http-apr-8080"]
29-Sep-2015 23:36:11.175 INFO [Thread-3] org.apache.coyote.AbstractProtocol.stop Stopping ProtocolHandler ["ajp-apr-8009"]
29-Sep-2015 23:36:11.227 INFO [Thread-3] org.apache.coyote.AbstractProtocol.destroy Destroying ProtocolHandler ["http-apr-8080"]
29-Sep-2015 23:36:11.228 INFO [Thread-3] org.apache.coyote.AbstractProtocol.destroy Destroying ProtocolHandler ["ajp-apr-8009"]
